<?xml version="1.0" encoding="UTF-8"?>
<!-- Generated by org.testng.reporters.JUnitXMLReporter -->
<testsuite ignored="47" hostname="Shweta-PC" failures="1" tests="1" name="Default test" time="0.568" errors="0" timestamp="2025-03-13T18:18:40 EDT">
  <testcase classname="dsAlgo_TestClasses.Array_TestClass" name="TestMaxConsOneCode" time="0.0">
    <failure type="org.testng.TestNGException" message="
Method public void dsAlgo_TestClasses.Array_TestClass.TestMaxConsOneCode(java.lang.String,java.lang.String) throws java.io.IOException,java.lang.InterruptedException requires a @DataProvider named : ExcelDataMaxConsOne in class dsAlgo_Utilities.DataProvider_Class">
      <![CDATA[org.testng.TestNGException: 
Method public void dsAlgo_TestClasses.Array_TestClass.TestMaxConsOneCode(java.lang.String,java.lang.String) throws java.io.IOException,java.lang.InterruptedException requires a @DataProvider named : ExcelDataMaxConsOne in class dsAlgo_Utilities.DataProvider_Class
at org.testng.internal.Parameters.findDataProvider(Parameters.java:532)
at org.testng.internal.Parameters.handleParameters(Parameters.java:769)
at org.testng.internal.Parameters.handleParameters(Parameters.java:734)
at org.testng.internal.invokers.ParameterHandler.handleParameters(ParameterHandler.java:72)
at org.testng.internal.invokers.ParameterHandler.createParameters(ParameterHandler.java:51)
at org.testng.internal.invokers.TestInvoker$MethodInvocationAgent.invoke(TestInvoker.java:949)
at org.testng.internal.invokers.TestInvoker.invokeTestMethods(TestInvoker.java:203)
at org.testng.internal.invokers.TestMethodWorker.invokeTestMethods(TestMethodWorker.java:154)
at org.testng.internal.invokers.TestMethodWorker.run(TestMethodWorker.java:134)
at java.base/java.util.ArrayList.forEach(ArrayList.java:1597)
at org.testng.TestRunner.privateRun(TestRunner.java:741)
at org.testng.TestRunner.run(TestRunner.java:616)
at org.testng.SuiteRunner.runTest(SuiteRunner.java:421)
at org.testng.SuiteRunner.runSequentially(SuiteRunner.java:413)
at org.testng.SuiteRunner.privateRun(SuiteRunner.java:373)
at org.testng.SuiteRunner.run(SuiteRunner.java:312)
at org.testng.SuiteRunnerWorker.runSuite(SuiteRunnerWorker.java:52)
at org.testng.SuiteRunnerWorker.run(SuiteRunnerWorker.java:95)
at org.testng.TestNG.runSuitesSequentially(TestNG.java:1274)
at org.testng.TestNG.runSuitesLocally(TestNG.java:1208)
at org.testng.TestNG.runSuites(TestNG.java:1112)
at org.testng.TestNG.run(TestNG.java:1079)
at org.testng.remote.AbstractRemoteTestNG.run(AbstractRemoteTestNG.java:115)
at org.testng.remote.RemoteTestNG.initAndRun(RemoteTestNG.java:293)
at org.testng.remote.RemoteTestNG.main(RemoteTestNG.java:91)
]]>
    </failure>
  </testcase> <!-- TestMaxConsOneCode -->
  <testcase classname="dsAlgo_TestClasses.Array_TestClass" name="ArrayGetStarted" time="0.0">
    <ignored/>
  </testcase> <!-- ArrayGetStarted -->
  <testcase classname="dsAlgo_TestClasses.Array_TestClass" name="ApplicationOfArrayRunBtnWithoutCode" time="0.0">
    <ignored/>
  </testcase> <!-- ApplicationOfArrayRunBtnWithoutCode -->
  <testcase classname="dsAlgo_TestClasses.Array_TestClass" name="NavigateTOArrayInPython" time="0.0">
    <ignored/>
  </testcase> <!-- NavigateTOArrayInPython -->
  <testcase classname="dsAlgo_TestClasses.Array_TestClass" name="MaxConsOne" time="0.0">
    <ignored/>
  </testcase> <!-- MaxConsOne -->
  <testcase classname="dsAlgo_TestClasses.Array_TestClass" name="LogIn" time="0.0">
    <ignored/>
  </testcase> <!-- LogIn -->
  <testcase classname="dsAlgo_TestClasses.Array_TestClass" name="clickSubmitBtnMaxConsOneWithoutCode" time="0.0">
    <ignored/>
  </testcase> <!-- clickSubmitBtnMaxConsOneWithoutCode -->
  <testcase classname="dsAlgo_TestClasses.Array_TestClass" name="validateArrayInPython" time="0.0">
    <ignored/>
  </testcase> <!-- validateArrayInPython -->
  <testcase classname="dsAlgo_TestClasses.Array_TestClass" name="NavigateToBasicOperationListPage" time="0.0">
    <ignored/>
  </testcase> <!-- NavigateToBasicOperationListPage -->
  <testcase classname="dsAlgo_TestClasses.Array_TestClass" name="clickRunBtnSortedArrayWithoutCode" time="0.0">
    <ignored/>
  </testcase> <!-- clickRunBtnSortedArrayWithoutCode -->
  <testcase classname="dsAlgo_TestClasses.Array_TestClass" name="NavigateToEvenNumDigits" time="0.0">
    <ignored/>
  </testcase> <!-- NavigateToEvenNumDigits -->
  <testcase classname="dsAlgo_TestClasses.Array_TestClass" name="TestArrayInPythonCode" time="0.0">
    <ignored/>
  </testcase> <!-- TestArrayInPythonCode -->
  <testcase classname="dsAlgo_TestClasses.Array_TestClass" name="clickSubmitBtnSearchArrayWithoutCode" time="0.0">
    <ignored/>
  </testcase> <!-- clickSubmitBtnSearchArrayWithoutCode -->
  <testcase classname="dsAlgo_TestClasses.Array_TestClass" name="clickSubmitBtnSortedArrayWithoutCode" time="0.0">
    <ignored/>
  </testcase> <!-- clickSubmitBtnSortedArrayWithoutCode -->
  <testcase classname="dsAlgo_TestClasses.Array_TestClass" name="clickRunBtnEvenNumDigitsWithoutCode" time="0.0">
    <ignored/>
  </testcase> <!-- clickRunBtnEvenNumDigitsWithoutCode -->
  <testcase classname="dsAlgo_TestClasses.Array_TestClass" name="TestSortedArrayCode" time="0.0">
    <ignored/>
  </testcase> <!-- TestSortedArrayCode -->
  <testcase classname="dsAlgo_TestClasses.Array_TestClass" name="TestForBasicOprListCode" time="0.0">
    <ignored/>
  </testcase> <!-- TestForBasicOprListCode -->
  <testcase classname="dsAlgo_TestClasses.Array_TestClass" name="SortedArray" time="0.0">
    <ignored/>
  </testcase> <!-- SortedArray -->
  <testcase classname="dsAlgo_TestClasses.Array_TestClass" name="TryHereApplicationOfArray" time="0.0">
    <ignored/>
  </testcase> <!-- TryHereApplicationOfArray -->
  <testcase classname="dsAlgo_TestClasses.Array_TestClass" name="arrayDisplayTitle" time="0.0">
    <ignored/>
  </testcase> <!-- arrayDisplayTitle -->
  <testcase classname="dsAlgo_TestClasses.Array_TestClass" name="ArrayInPythonTryHereBtn" time="0.0">
    <ignored/>
  </testcase> <!-- ArrayInPythonTryHereBtn -->
  <testcase classname="dsAlgo_TestClasses.Array_TestClass" name="TryHereArrayUsingbtn" time="0.0">
    <ignored/>
  </testcase> <!-- TryHereArrayUsingbtn -->
  <testcase classname="dsAlgo_TestClasses.Array_TestClass" name="clickRunBtnMaxConsOneWithoutCode" time="0.0">
    <ignored/>
  </testcase> <!-- clickRunBtnMaxConsOneWithoutCode -->
  <testcase classname="dsAlgo_TestClasses.Array_TestClass" name="ValidateArrayInPythonTryHereBtn" time="0.0">
    <ignored/>
  </testcase> <!-- ValidateArrayInPythonTryHereBtn -->
  <testcase classname="dsAlgo_TestClasses.Array_TestClass" name="TestEvenNumDigitsCode" time="0.0">
    <ignored/>
  </testcase> <!-- TestEvenNumDigitsCode -->
  <testcase classname="dsAlgo_BaseClass.BaseClass" name="validLoginDataBase" time="0.0">
    <ignored/>
  </testcase> <!-- validLoginDataBase -->
  <testcase classname="dsAlgo_TestClasses.Array_TestClass" name="TestApplicationOfArrayCode" time="0.0">
    <ignored/>
  </testcase> <!-- TestApplicationOfArrayCode -->
  <testcase classname="dsAlgo_TestClasses.Array_TestClass" name="PracticeQuestionLink" time="0.0">
    <ignored/>
  </testcase> <!-- PracticeQuestionLink -->
  <testcase classname="dsAlgo_TestClasses.Array_TestClass" name="BasicOperationList" time="0.0">
    <ignored/>
  </testcase> <!-- BasicOperationList -->
  <testcase classname="dsAlgo_TestClasses.Array_TestClass" name="searchTheArrayPage" time="0.0">
    <ignored/>
  </testcase> <!-- searchTheArrayPage -->
  <testcase classname="dsAlgo_TestClasses.Array_TestClass" name="EvenNumDigits" time="0.0">
    <ignored/>
  </testcase> <!-- EvenNumDigits -->
  <testcase classname="dsAlgo_TestClasses.Array_TestClass" name="ArrayInPythonLink" time="0.0">
    <ignored/>
  </testcase> <!-- ArrayInPythonLink -->
  <testcase classname="dsAlgo_TestClasses.Array_TestClass" name="NavigateToSortedArray" time="0.0">
    <ignored/>
  </testcase> <!-- NavigateToSortedArray -->
  <testcase classname="dsAlgo_TestClasses.Array_TestClass" name="clickSubmitBtnEvenNumDigitsWithoutCode" time="0.0">
    <ignored/>
  </testcase> <!-- clickSubmitBtnEvenNumDigitsWithoutCode -->
  <testcase classname="dsAlgo_TestClasses.Array_TestClass" name="validateArrayUsingListpage" time="0.0">
    <ignored/>
  </testcase> <!-- validateArrayUsingListpage -->
  <testcase classname="dsAlgo_TestClasses.Array_TestClass" name="clickSearchArrayRunBtnWithoutCode" time="0.0">
    <ignored/>
  </testcase> <!-- clickSearchArrayRunBtnWithoutCode -->
  <testcase classname="dsAlgo_TestClasses.Array_TestClass" name="TryHereBasicOprList" time="0.0">
    <ignored/>
  </testcase> <!-- TryHereBasicOprList -->
  <testcase classname="dsAlgo_TestClasses.Array_TestClass" name="arrayDropdownList" time="0.0">
    <ignored/>
  </testcase> <!-- arrayDropdownList -->
  <testcase classname="dsAlgo_TestClasses.Array_TestClass" name="NAvigateToApplicationOfArray" time="0.0">
    <ignored/>
  </testcase> <!-- NAvigateToApplicationOfArray -->
  <testcase classname="dsAlgo_TestClasses.Array_TestClass" name="ApplicationOfArray" time="0.0">
    <ignored/>
  </testcase> <!-- ApplicationOfArray -->
  <testcase classname="dsAlgo_TestClasses.Array_TestClass" name="TestArrayUsingListCode" time="0.0">
    <ignored/>
  </testcase> <!-- TestArrayUsingListCode -->
  <testcase classname="dsAlgo_TestClasses.Array_TestClass" name="ArrayInPythonTryHere" time="0.0">
    <ignored/>
  </testcase> <!-- ArrayInPythonTryHere -->
  <testcase classname="dsAlgo_TestClasses.Array_TestClass" name="ArrayUsingList" time="0.0">
    <ignored/>
  </testcase> <!-- ArrayUsingList -->
  <testcase classname="dsAlgo_TestClasses.Array_TestClass" name="NavigateToMaxConsOneTextArea" time="0.0">
    <ignored/>
  </testcase> <!-- NavigateToMaxConsOneTextArea -->
  <testcase classname="dsAlgo_TestClasses.Array_TestClass" name="BasicOprListRunBtnWithoutCode" time="0.0">
    <ignored/>
  </testcase> <!-- BasicOprListRunBtnWithoutCode -->
  <testcase classname="dsAlgo_TestClasses.Array_TestClass" name="NavigateToSearchTheArrayTextArea" time="0.0">
    <ignored/>
  </testcase> <!-- NavigateToSearchTheArrayTextArea -->
  <testcase classname="dsAlgo_TestClasses.Array_TestClass" name="TestSearchArrayCode" time="0.0">
    <ignored/>
  </testcase> <!-- TestSearchArrayCode -->
  <testcase classname="dsAlgo_TestClasses.Array_TestClass" name="NavigateToPracticeQuestion" time="0.0">
    <ignored/>
  </testcase> <!-- NavigateToPracticeQuestion -->
</testsuite> <!-- Default test -->
