<?xml version="1.0" encoding="UTF-8"?>
<!-- Generated by org.testng.reporters.JUnitXMLReporter -->
<testsuite ignored="0" hostname="Dhivya" failures="28" tests="138" name="ChromeTest" time="869.467" errors="0" timestamp="2025-03-13T11:55:01 EDT">
  <testcase classname="dsAlgo_TestClasses.Home_TestClass" name="arraysClick" time="0.641"/>
  <testcase classname="dsAlgo_TestClasses.Home_TestClass" name="linkedListClick" time="0.715"/>
  <testcase classname="dsAlgo_TestClasses.Home_TestClass" name="stackClick" time="0.859"/>
  <testcase classname="dsAlgo_TestClasses.Home_TestClass" name="queueClick" time="0.715"/>
  <testcase classname="dsAlgo_TestClasses.Home_TestClass" name="treeClick" time="0.752"/>
  <testcase classname="dsAlgo_TestClasses.Home_TestClass" name="graphClick" time="0.758"/>
  <testcase classname="dsAlgo_TestClasses.Register_TestClass" name="registerOnlyUsername" time="0.317">
    <failure type="org.testng.internal.reflect.MethodMatcherException" message="
[public void dsAlgo_TestClasses.Register_TestClass.registerOnlyUsername(java.lang.String,java.lang.String,java.lang.String,java.lang.String)] has no parameters defined but was found to be using a data provider (either explicitly specified or inherited from class level annotation).
Data provider mismatch
Method: registerOnlyUsername([java.lang.String arg0, java.lang.String arg1, java.lang.String arg2, java.lang.String arg3])
Arguments: [(java.lang.String) adminninja]">
      <![CDATA[org.testng.internal.reflect.MethodMatcherException: 
[public void dsAlgo_TestClasses.Register_TestClass.registerOnlyUsername(java.lang.String,java.lang.String,java.lang.String,java.lang.String)] has no parameters defined but was found to be using a data provider (either explicitly specified or inherited from class level annotation).
Data provider mismatch
Method: registerOnlyUsername([java.lang.String arg0, java.lang.String arg1, java.lang.String arg2, java.lang.String arg3])
Arguments: [(java.lang.String) adminninja]
at java.base/java.util.ArrayList.forEach(ArrayList.java:1597)
... Removed 22 stack frames]]>
    </failure>
  </testcase> <!-- registerOnlyUsername -->
  <testcase classname="dsAlgo_TestClasses.Register_TestClass" name="registerOnlyPassword" time="0.207">
    <failure type="org.testng.internal.reflect.MethodMatcherException" message="
[public void dsAlgo_TestClasses.Register_TestClass.registerOnlyPassword(java.lang.String,java.lang.String,java.lang.String,java.lang.String)] has no parameters defined but was found to be using a data provider (either explicitly specified or inherited from class level annotation).
Data provider mismatch
Method: registerOnlyPassword([java.lang.String arg0, java.lang.String arg1, java.lang.String arg2, java.lang.String arg3])
Arguments: [(java.lang.String) Admin(*&amp;amp;56,(java.lang.String) ninja@123,(java.lang.String) ninja@123]">
      <![CDATA[org.testng.internal.reflect.MethodMatcherException: 
[public void dsAlgo_TestClasses.Register_TestClass.registerOnlyPassword(java.lang.String,java.lang.String,java.lang.String,java.lang.String)] has no parameters defined but was found to be using a data provider (either explicitly specified or inherited from class level annotation).
Data provider mismatch
Method: registerOnlyPassword([java.lang.String arg0, java.lang.String arg1, java.lang.String arg2, java.lang.String arg3])
Arguments: [(java.lang.String) Admin(*&56,(java.lang.String) ninja@123,(java.lang.String) ninja@123]
at java.base/java.util.ArrayList.forEach(ArrayList.java:1597)
... Removed 22 stack frames]]>
    </failure>
  </testcase> <!-- registerOnlyPassword -->
  <testcase classname="dsAlgo_TestClasses.Register_TestClass" name="registerInvalidUser" time="0.135">
    <failure type="org.testng.internal.reflect.MethodMatcherException" message="
[public void dsAlgo_TestClasses.Register_TestClass.registerInvalidUser(java.lang.String,java.lang.String,java.lang.String,java.lang.String)] has no parameters defined but was found to be using a data provider (either explicitly specified or inherited from class level annotation).
Data provider mismatch
Method: registerInvalidUser([java.lang.String arg0, java.lang.String arg1, java.lang.String arg2, java.lang.String arg3])
Arguments: [(java.lang.String) ,(java.lang.String) Code+-_.@]">
      <![CDATA[org.testng.internal.reflect.MethodMatcherException: 
[public void dsAlgo_TestClasses.Register_TestClass.registerInvalidUser(java.lang.String,java.lang.String,java.lang.String,java.lang.String)] has no parameters defined but was found to be using a data provider (either explicitly specified or inherited from class level annotation).
Data provider mismatch
Method: registerInvalidUser([java.lang.String arg0, java.lang.String arg1, java.lang.String arg2, java.lang.String arg3])
Arguments: [(java.lang.String) ,(java.lang.String) Code+-_.@]
at java.base/java.util.ArrayList.forEach(ArrayList.java:1597)
... Removed 22 stack frames]]>
    </failure>
  </testcase> <!-- registerInvalidUser -->
  <testcase classname="dsAlgo_TestClasses.Register_TestClass" name="registerInvalidPass" time="0.158">
    <failure type="org.testng.internal.reflect.MethodMatcherException" message="
[public void dsAlgo_TestClasses.Register_TestClass.registerInvalidPass(java.lang.String,java.lang.String,java.lang.String,java.lang.String)] has no parameters defined but was found to be using a data provider (either explicitly specified or inherited from class level annotation).
Data provider mismatch
Method: registerInvalidPass([java.lang.String arg0, java.lang.String arg1, java.lang.String arg2, java.lang.String arg3])
Arguments: [(java.lang.String) Admin1234,(java.lang.String) abcd12,(java.lang.String) abcd12]">
      <![CDATA[org.testng.internal.reflect.MethodMatcherException: 
[public void dsAlgo_TestClasses.Register_TestClass.registerInvalidPass(java.lang.String,java.lang.String,java.lang.String,java.lang.String)] has no parameters defined but was found to be using a data provider (either explicitly specified or inherited from class level annotation).
Data provider mismatch
Method: registerInvalidPass([java.lang.String arg0, java.lang.String arg1, java.lang.String arg2, java.lang.String arg3])
Arguments: [(java.lang.String) Admin1234,(java.lang.String) abcd12,(java.lang.String) abcd12]
at java.base/java.util.ArrayList.forEach(ArrayList.java:1597)
... Removed 22 stack frames]]>
    </failure>
  </testcase> <!-- registerInvalidPass -->
  <testcase classname="dsAlgo_TestClasses.Register_TestClass" name="registerBlankFld" time="0.114">
    <failure type="org.testng.internal.reflect.MethodMatcherException" message="
[public void dsAlgo_TestClasses.Register_TestClass.registerBlankFld(java.lang.String,java.lang.String,java.lang.String,java.lang.String)] has no parameters defined but was found to be using a data provider (either explicitly specified or inherited from class level annotation).
Data provider mismatch
Method: registerBlankFld([java.lang.String arg0, java.lang.String arg1, java.lang.String arg2, java.lang.String arg3])
Arguments: [(java.lang.String) ,(java.lang.String) code@123,(java.lang.String) code@123]">
      <![CDATA[org.testng.internal.reflect.MethodMatcherException: 
[public void dsAlgo_TestClasses.Register_TestClass.registerBlankFld(java.lang.String,java.lang.String,java.lang.String,java.lang.String)] has no parameters defined but was found to be using a data provider (either explicitly specified or inherited from class level annotation).
Data provider mismatch
Method: registerBlankFld([java.lang.String arg0, java.lang.String arg1, java.lang.String arg2, java.lang.String arg3])
Arguments: [(java.lang.String) ,(java.lang.String) code@123,(java.lang.String) code@123]
at java.base/java.util.ArrayList.forEach(ArrayList.java:1597)
... Removed 22 stack frames]]>
    </failure>
  </testcase> <!-- registerBlankFld -->
  <testcase classname="dsAlgo_TestClasses.Register_TestClass" name="registerValid" time="0.043">
    <failure type="org.testng.internal.reflect.MethodMatcherException" message="
[public void dsAlgo_TestClasses.Register_TestClass.registerValid(java.lang.String,java.lang.String,java.lang.String,java.lang.String)] has no parameters defined but was found to be using a data provider (either explicitly specified or inherited from class level annotation).
Data provider mismatch
Method: registerValid([java.lang.String arg0, java.lang.String arg1, java.lang.String arg2, java.lang.String arg3])
Arguments: [(java.lang.String) Admin1@567,(java.lang.String) code@123,(java.lang.String) code@123]">
      <![CDATA[org.testng.internal.reflect.MethodMatcherException: 
[public void dsAlgo_TestClasses.Register_TestClass.registerValid(java.lang.String,java.lang.String,java.lang.String,java.lang.String)] has no parameters defined but was found to be using a data provider (either explicitly specified or inherited from class level annotation).
Data provider mismatch
Method: registerValid([java.lang.String arg0, java.lang.String arg1, java.lang.String arg2, java.lang.String arg3])
Arguments: [(java.lang.String) Admin1@567,(java.lang.String) code@123,(java.lang.String) code@123]
at java.base/java.util.ArrayList.forEach(ArrayList.java:1597)
... Removed 22 stack frames]]>
    </failure>
  </testcase> <!-- registerValid -->
  <testcase classname="dsAlgo_TestClasses.Register_TestClass" name="registerBugPass" time="0.0">
    <failure type="java.lang.RuntimeException" message="java.lang.NullPointerException: Cannot invoke &amp;quot;org.apache.poi.ss.usermodel.Row.getLastCellNum()&amp;quot; because &amp;quot;row&amp;quot; is null">
      <![CDATA[java.lang.RuntimeException: java.lang.NullPointerException: Cannot invoke "org.apache.poi.ss.usermodel.Row.getLastCellNum()" because "row" is null
at java.base/java.util.ArrayList.forEach(ArrayList.java:1597)
Caused by: java.lang.NullPointerException: Cannot invoke "org.apache.poi.ss.usermodel.Row.getLastCellNum()" because "row" is null
at dsAlgo_Utilities.ExcelReader.excelDataRead(ExcelReader.java:27)
at dsAlgo_Utilities.DataProvider_Class.registerBugPassword(DataProvider_Class.java:83)
... 25 more
... Removed 30 stack frames]]>
    </failure>
  </testcase> <!-- registerBugPass -->
  <testcase classname="dsAlgo_BaseClass.BaseClass" name="validLoginDataBase" time="2.529"/>
  <testcase classname="dsAlgo_TestClasses.Login_TestClass" name="validLogInData" time="0.114">
    <failure type="org.testng.internal.reflect.MethodMatcherException" message="
[public void dsAlgo_TestClasses.Login_TestClass.validLogInData(java.lang.String,java.lang.String,java.lang.String)] has no parameters defined but was found to be using a data provider (either explicitly specified or inherited from class level annotation).
Data provider mismatch
Method: validLogInData([java.lang.String arg0, java.lang.String arg1, java.lang.String arg2])
Arguments: [(java.lang.String) ,(java.lang.String) ]">
      <![CDATA[org.testng.internal.reflect.MethodMatcherException: 
[public void dsAlgo_TestClasses.Login_TestClass.validLogInData(java.lang.String,java.lang.String,java.lang.String)] has no parameters defined but was found to be using a data provider (either explicitly specified or inherited from class level annotation).
Data provider mismatch
Method: validLogInData([java.lang.String arg0, java.lang.String arg1, java.lang.String arg2])
Arguments: [(java.lang.String) ,(java.lang.String) ]
at java.base/java.util.ArrayList.forEach(ArrayList.java:1597)
... Removed 22 stack frames]]>
    </failure>
  </testcase> <!-- validLogInData -->
  <testcase classname="dsAlgo_TestClasses.Login_TestClass" name="loginLogOut" time="0.0">
    <failure type="java.lang.RuntimeException" message="java.lang.NullPointerException: Cannot invoke &amp;quot;org.apache.poi.ss.usermodel.Row.getLastCellNum()&amp;quot; because &amp;quot;row&amp;quot; is null">
      <![CDATA[java.lang.RuntimeException: java.lang.NullPointerException: Cannot invoke "org.apache.poi.ss.usermodel.Row.getLastCellNum()" because "row" is null
at java.base/java.util.ArrayList.forEach(ArrayList.java:1597)
Caused by: java.lang.NullPointerException: Cannot invoke "org.apache.poi.ss.usermodel.Row.getLastCellNum()" because "row" is null
at dsAlgo_Utilities.ExcelReader.excelDataRead(ExcelReader.java:27)
at dsAlgo_Utilities.DataProvider_Class.logOutData(DataProvider_Class.java:128)
... 25 more
... Removed 30 stack frames]]>
    </failure>
  </testcase> <!-- loginLogOut -->
  <testcase classname="dsAlgo_TestClasses.Login_TestClass" name="invalidLogIn" time="0.108">
    <failure type="org.testng.internal.reflect.MethodMatcherException" message="
[public void dsAlgo_TestClasses.Login_TestClass.invalidLogIn(java.lang.String,java.lang.String,java.lang.String)] has no parameters defined but was found to be using a data provider (either explicitly specified or inherited from class level annotation).
Data provider mismatch
Method: invalidLogIn([java.lang.String arg0, java.lang.String arg1, java.lang.String arg2])
Arguments: [(java.lang.String) ,(java.lang.String) Ninja@123]">
      <![CDATA[org.testng.internal.reflect.MethodMatcherException: 
[public void dsAlgo_TestClasses.Login_TestClass.invalidLogIn(java.lang.String,java.lang.String,java.lang.String)] has no parameters defined but was found to be using a data provider (either explicitly specified or inherited from class level annotation).
Data provider mismatch
Method: invalidLogIn([java.lang.String arg0, java.lang.String arg1, java.lang.String arg2])
Arguments: [(java.lang.String) ,(java.lang.String) Ninja@123]
at java.base/java.util.ArrayList.forEach(ArrayList.java:1597)
... Removed 22 stack frames]]>
    </failure>
  </testcase> <!-- invalidLogIn -->
  <testcase classname="dsAlgo_TestClasses.Login_TestClass" name="loginBlankFields" time="0.067">
    <failure type="org.testng.internal.reflect.MethodMatcherException" message="
[public void dsAlgo_TestClasses.Login_TestClass.loginBlankFields(java.lang.String,java.lang.String,java.lang.String) throws java.lang.InterruptedException] has no parameters defined but was found to be using a data provider (either explicitly specified or inherited from class level annotation).
Data provider mismatch
Method: loginBlankFields([java.lang.String arg0, java.lang.String arg1, java.lang.String arg2])
Arguments: [(java.lang.String) Admin@123,(java.lang.String) abcde]">
      <![CDATA[org.testng.internal.reflect.MethodMatcherException: 
[public void dsAlgo_TestClasses.Login_TestClass.loginBlankFields(java.lang.String,java.lang.String,java.lang.String) throws java.lang.InterruptedException] has no parameters defined but was found to be using a data provider (either explicitly specified or inherited from class level annotation).
Data provider mismatch
Method: loginBlankFields([java.lang.String arg0, java.lang.String arg1, java.lang.String arg2])
Arguments: [(java.lang.String) Admin@123,(java.lang.String) abcde]
at java.base/java.util.ArrayList.forEach(ArrayList.java:1597)
... Removed 22 stack frames]]>
    </failure>
  </testcase> <!-- loginBlankFields -->
  <testcase classname="dsAlgo_BaseClass.BaseClass" name="validLoginDataBase" time="2.654"/>
  <testcase classname="dsAlgo_TestClasses.LinkedList_TestClass" name="callValidLogInData" time="3.261"/>
  <testcase classname="dsAlgo_TestClasses.LinkedList_TestClass" name="introductionNavigation" time="3.72"/>
  <testcase classname="dsAlgo_TestClasses.LinkedList_TestClass" name="introductionTryHere" time="5.873"/>
  <testcase classname="dsAlgo_TestClasses.LinkedList_TestClass" name="introductionTryHere" time="6.472"/>
  <testcase classname="dsAlgo_TestClasses.LinkedList_TestClass" name="introductionTryHere" time="5.357"/>
  <testcase classname="dsAlgo_TestClasses.LinkedList_TestClass" name="clickRunWithNoCodeIntroductionTryHere" time="5.242">
    <skipped/>
  </testcase> <!-- clickRunWithNoCodeIntroductionTryHere -->
  <testcase classname="dsAlgo_TestClasses.LinkedList_TestClass" name="clickRunWithNoCodeIntroductionTryHere" time="5.123">
    <skipped/>
  </testcase> <!-- clickRunWithNoCodeIntroductionTryHere -->
  <testcase classname="dsAlgo_TestClasses.LinkedList_TestClass" name="clickRunWithNoCodeIntroductionTryHere" time="4.807">
    <failure type="java.lang.AssertionError" message="Test failed: Expected an error message when clicking the &amp;apos;Run&amp;apos; button without entering code, but no message was displayed.">
      <![CDATA[java.lang.AssertionError: Test failed: Expected an error message when clicking the 'Run' button without entering code, but no message was displayed.
at dsAlgo_TestClasses.LinkedList_TestClass.clickRunWithNoCodeIntroductionTryHere(LinkedList_TestClass.java:75)
at java.base/java.util.ArrayList.forEach(ArrayList.java:1597)
... Removed 26 stack frames]]>
    </failure>
  </testcase> <!-- clickRunWithNoCodeIntroductionTryHere -->
  <testcase classname="dsAlgo_TestClasses.LinkedList_TestClass" name="creatingLinkedListNavigation" time="3.942"/>
  <testcase classname="dsAlgo_TestClasses.LinkedList_TestClass" name="creatingLinkedListTryHere" time="5.265"/>
  <testcase classname="dsAlgo_TestClasses.LinkedList_TestClass" name="creatingLinkedListTryHere" time="6.495"/>
  <testcase classname="dsAlgo_TestClasses.LinkedList_TestClass" name="creatingLinkedListTryHere" time="5.753"/>
  <testcase classname="dsAlgo_TestClasses.LinkedList_TestClass" name="clickRunWithNoCodeCreatingLinkedListTryHere" time="5.156">
    <skipped/>
  </testcase> <!-- clickRunWithNoCodeCreatingLinkedListTryHere -->
  <testcase classname="dsAlgo_TestClasses.LinkedList_TestClass" name="clickRunWithNoCodeCreatingLinkedListTryHere" time="4.566">
    <skipped/>
  </testcase> <!-- clickRunWithNoCodeCreatingLinkedListTryHere -->
  <testcase classname="dsAlgo_TestClasses.LinkedList_TestClass" name="clickRunWithNoCodeCreatingLinkedListTryHere" time="4.94">
    <failure type="java.lang.AssertionError" message="Test failed: Expected an error message when clicking the &amp;apos;Run&amp;apos; button without entering code, but no message was displayed.">
      <![CDATA[java.lang.AssertionError: Test failed: Expected an error message when clicking the 'Run' button without entering code, but no message was displayed.
at dsAlgo_TestClasses.LinkedList_TestClass.clickRunWithNoCodeCreatingLinkedListTryHere(LinkedList_TestClass.java:105)
at java.base/java.util.ArrayList.forEach(ArrayList.java:1597)
... Removed 26 stack frames]]>
    </failure>
  </testcase> <!-- clickRunWithNoCodeCreatingLinkedListTryHere -->
  <testcase classname="dsAlgo_TestClasses.LinkedList_TestClass" name="typesOfLinkedListNavigation" time="4.127"/>
  <testcase classname="dsAlgo_TestClasses.LinkedList_TestClass" name="typesOfLinkedListTryHere" time="5.816"/>
  <testcase classname="dsAlgo_TestClasses.LinkedList_TestClass" name="typesOfLinkedListTryHere" time="5.639"/>
  <testcase classname="dsAlgo_TestClasses.LinkedList_TestClass" name="typesOfLinkedListTryHere" time="5.501"/>
  <testcase classname="dsAlgo_TestClasses.LinkedList_TestClass" name="clickRunWithNoCodeTypesOfLinkedListTryHere" time="5.38">
    <skipped/>
  </testcase> <!-- clickRunWithNoCodeTypesOfLinkedListTryHere -->
  <testcase classname="dsAlgo_TestClasses.LinkedList_TestClass" name="clickRunWithNoCodeTypesOfLinkedListTryHere" time="5.125">
    <skipped/>
  </testcase> <!-- clickRunWithNoCodeTypesOfLinkedListTryHere -->
  <testcase classname="dsAlgo_TestClasses.LinkedList_TestClass" name="clickRunWithNoCodeTypesOfLinkedListTryHere" time="5.579">
    <failure type="java.lang.AssertionError" message="Test failed: Expected an error message when clicking the &amp;apos;Run&amp;apos; button without entering code, but no message was displayed.">
      <![CDATA[java.lang.AssertionError: Test failed: Expected an error message when clicking the 'Run' button without entering code, but no message was displayed.
at dsAlgo_TestClasses.LinkedList_TestClass.clickRunWithNoCodeTypesOfLinkedListTryHere(LinkedList_TestClass.java:135)
at java.base/java.util.ArrayList.forEach(ArrayList.java:1597)
... Removed 26 stack frames]]>
    </failure>
  </testcase> <!-- clickRunWithNoCodeTypesOfLinkedListTryHere -->
  <testcase classname="dsAlgo_TestClasses.LinkedList_TestClass" name="implementLinkedListNavigation" time="4.065"/>
  <testcase classname="dsAlgo_TestClasses.LinkedList_TestClass" name="implementLinkedListTryHere" time="5.763"/>
  <testcase classname="dsAlgo_TestClasses.LinkedList_TestClass" name="implementLinkedListTryHere" time="5.669"/>
  <testcase classname="dsAlgo_TestClasses.LinkedList_TestClass" name="implementLinkedListTryHere" time="5.649"/>
  <testcase classname="dsAlgo_TestClasses.LinkedList_TestClass" name="clickRunWithNoCodeImplementLinkedListTryHere" time="4.312">
    <skipped/>
  </testcase> <!-- clickRunWithNoCodeImplementLinkedListTryHere -->
  <testcase classname="dsAlgo_TestClasses.LinkedList_TestClass" name="clickRunWithNoCodeImplementLinkedListTryHere" time="4.786">
    <skipped/>
  </testcase> <!-- clickRunWithNoCodeImplementLinkedListTryHere -->
  <testcase classname="dsAlgo_TestClasses.LinkedList_TestClass" name="clickRunWithNoCodeImplementLinkedListTryHere" time="4.767">
    <failure type="java.lang.AssertionError" message="Test failed: Expected an error message when clicking the &amp;apos;Run&amp;apos; button without entering code, but no message was displayed.">
      <![CDATA[java.lang.AssertionError: Test failed: Expected an error message when clicking the 'Run' button without entering code, but no message was displayed.
at dsAlgo_TestClasses.LinkedList_TestClass.clickRunWithNoCodeImplementLinkedListTryHere(LinkedList_TestClass.java:165)
at java.base/java.util.ArrayList.forEach(ArrayList.java:1597)
... Removed 26 stack frames]]>
    </failure>
  </testcase> <!-- clickRunWithNoCodeImplementLinkedListTryHere -->
  <testcase classname="dsAlgo_TestClasses.LinkedList_TestClass" name="traversalNavigation" time="3.915"/>
  <testcase classname="dsAlgo_TestClasses.LinkedList_TestClass" name="traversalTryHere" time="5.135"/>
  <testcase classname="dsAlgo_TestClasses.LinkedList_TestClass" name="traversalTryHere" time="5.152"/>
  <testcase classname="dsAlgo_TestClasses.LinkedList_TestClass" name="traversalTryHere" time="5.54"/>
  <testcase classname="dsAlgo_TestClasses.LinkedList_TestClass" name="clickRunWithNoCodeTraversalTryHere" time="4.511">
    <skipped/>
  </testcase> <!-- clickRunWithNoCodeTraversalTryHere -->
  <testcase classname="dsAlgo_TestClasses.LinkedList_TestClass" name="clickRunWithNoCodeTraversalTryHere" time="4.921">
    <skipped/>
  </testcase> <!-- clickRunWithNoCodeTraversalTryHere -->
  <testcase classname="dsAlgo_TestClasses.LinkedList_TestClass" name="clickRunWithNoCodeTraversalTryHere" time="4.715">
    <failure type="java.lang.AssertionError" message="Test failed: Expected an error message when clicking the &amp;apos;Run&amp;apos; button without entering code, but no message was displayed.">
      <![CDATA[java.lang.AssertionError: Test failed: Expected an error message when clicking the 'Run' button without entering code, but no message was displayed.
at dsAlgo_TestClasses.LinkedList_TestClass.clickRunWithNoCodeTraversalTryHere(LinkedList_TestClass.java:195)
at java.base/java.util.ArrayList.forEach(ArrayList.java:1597)
... Removed 26 stack frames]]>
    </failure>
  </testcase> <!-- clickRunWithNoCodeTraversalTryHere -->
  <testcase classname="dsAlgo_TestClasses.LinkedList_TestClass" name="insertionNavigation" time="3.99"/>
  <testcase classname="dsAlgo_TestClasses.LinkedList_TestClass" name="insertionTryHere" time="5.213"/>
  <testcase classname="dsAlgo_TestClasses.LinkedList_TestClass" name="insertionTryHere" time="5.49"/>
  <testcase classname="dsAlgo_TestClasses.LinkedList_TestClass" name="insertionTryHere" time="6.402"/>
  <testcase classname="dsAlgo_TestClasses.LinkedList_TestClass" name="clickRunWithNoCodeInsertionTryHere" time="5.001">
    <skipped/>
  </testcase> <!-- clickRunWithNoCodeInsertionTryHere -->
  <testcase classname="dsAlgo_TestClasses.LinkedList_TestClass" name="clickRunWithNoCodeInsertionTryHere" time="4.739">
    <skipped/>
  </testcase> <!-- clickRunWithNoCodeInsertionTryHere -->
  <testcase classname="dsAlgo_TestClasses.LinkedList_TestClass" name="clickRunWithNoCodeInsertionTryHere" time="4.901">
    <failure type="java.lang.AssertionError" message="Test failed: Expected an error message when clicking the &amp;apos;Run&amp;apos; button without entering code, but no message was displayed.">
      <![CDATA[java.lang.AssertionError: Test failed: Expected an error message when clicking the 'Run' button without entering code, but no message was displayed.
at dsAlgo_TestClasses.LinkedList_TestClass.clickRunWithNoCodeInsertionTryHere(LinkedList_TestClass.java:225)
at java.base/java.util.ArrayList.forEach(ArrayList.java:1597)
... Removed 26 stack frames]]>
    </failure>
  </testcase> <!-- clickRunWithNoCodeInsertionTryHere -->
  <testcase classname="dsAlgo_TestClasses.LinkedList_TestClass" name="deletionNavigation" time="3.81"/>
  <testcase classname="dsAlgo_TestClasses.LinkedList_TestClass" name="deletionTryHere" time="5.568"/>
  <testcase classname="dsAlgo_TestClasses.LinkedList_TestClass" name="deletionTryHere" time="6.92"/>
  <testcase classname="dsAlgo_TestClasses.LinkedList_TestClass" name="deletionTryHere" time="5.838"/>
  <testcase classname="dsAlgo_TestClasses.LinkedList_TestClass" name="clickRunWithNoCodeDeletionTryHere" time="4.471">
    <skipped/>
  </testcase> <!-- clickRunWithNoCodeDeletionTryHere -->
  <testcase classname="dsAlgo_TestClasses.LinkedList_TestClass" name="clickRunWithNoCodeDeletionTryHere" time="5.032">
    <skipped/>
  </testcase> <!-- clickRunWithNoCodeDeletionTryHere -->
  <testcase classname="dsAlgo_TestClasses.LinkedList_TestClass" name="clickRunWithNoCodeDeletionTryHere" time="4.752">
    <failure type="java.lang.AssertionError" message="Test failed: Expected an error message when clicking the &amp;apos;Run&amp;apos; button without entering code, but no message was displayed.">
      <![CDATA[java.lang.AssertionError: Test failed: Expected an error message when clicking the 'Run' button without entering code, but no message was displayed.
at dsAlgo_TestClasses.LinkedList_TestClass.clickRunWithNoCodeDeletionTryHere(LinkedList_TestClass.java:255)
at java.base/java.util.ArrayList.forEach(ArrayList.java:1597)
... Removed 26 stack frames]]>
    </failure>
  </testcase> <!-- clickRunWithNoCodeDeletionTryHere -->
  <testcase classname="dsAlgo_TestClasses.LinkedList_TestClass" name="practiceQuestionsNavigation" time="11.646">
    <skipped/>
  </testcase> <!-- practiceQuestionsNavigation -->
  <testcase classname="dsAlgo_TestClasses.LinkedList_TestClass" name="practiceQuestionsNavigation" time="11.354">
    <skipped/>
  </testcase> <!-- practiceQuestionsNavigation -->
  <testcase classname="dsAlgo_TestClasses.LinkedList_TestClass" name="practiceQuestionsNavigation" time="11.478">
    <failure type="org.openqa.selenium.NoSuchElementException" message="no such element: Unable to locate element: {&amp;quot;method&amp;quot;:&amp;quot;link text&amp;quot;,&amp;quot;selector&amp;quot;:&amp;quot;Practice Questions&amp;quot;}
  (Session info: chrome=133.0.6943.142)
For documentation on this error, please visit: https://www.selenium.dev/documentation/webdriver/troubleshooting/errors#no-such-element-exception
Build info: version: &amp;apos;4.29.0&amp;apos;, revision: &amp;apos;5fc1ec94cb&amp;apos;
System info: os.name: &amp;apos;Windows 11&amp;apos;, os.arch: &amp;apos;amd64&amp;apos;, os.version: &amp;apos;10.0&amp;apos;, java.version: &amp;apos;23.0.1&amp;apos;
Driver info: org.openqa.selenium.chrome.ChromeDriver
Command: [44a61dfb1df5ba9eaed2bf47fcc5f51a, findElement {value=Practice Questions, using=link text}]
Capabilities {acceptInsecureCerts: false, browserName: chrome, browserVersion: 133.0.6943.142, chrome: {chromedriverVersion: 133.0.6943.141 (2a5d6da0d61..., userDataDir: C:\Users\rinuh\AppData\Loca...}, fedcm:accounts: true, goog:chromeOptions: {debuggerAddress: localhost:61687}, networkConnectionEnabled: false, pageLoadStrategy: normal, platformName: windows, proxy: Proxy(), se:cdp: ws://localhost:61687/devtoo..., se:cdpVersion: 133.0.6943.142, setWindowRect: true, strictFileInteractability: false, timeouts: {implicit: 0, pageLoad: 300000, script: 30000}, unhandledPromptBehavior: dismiss and notify, webauthn:extension:credBlob: true, webauthn:extension:largeBlob: true, webauthn:extension:minPinLength: true, webauthn:extension:prf: true, webauthn:virtualAuthenticators: true}
Session ID: 44a61dfb1df5ba9eaed2bf47fcc5f51a">
      <![CDATA[org.openqa.selenium.NoSuchElementException: no such element: Unable to locate element: {"method":"link text","selector":"Practice Questions"}
  (Session info: chrome=133.0.6943.142)
For documentation on this error, please visit: https://www.selenium.dev/documentation/webdriver/troubleshooting/errors#no-such-element-exception
Build info: version: '4.29.0', revision: '5fc1ec94cb'
System info: os.name: 'Windows 11', os.arch: 'amd64', os.version: '10.0', java.version: '23.0.1'
Driver info: org.openqa.selenium.chrome.ChromeDriver
Command: [44a61dfb1df5ba9eaed2bf47fcc5f51a, findElement {value=Practice Questions, using=link text}]
Capabilities {acceptInsecureCerts: false, browserName: chrome, browserVersion: 133.0.6943.142, chrome: {chromedriverVersion: 133.0.6943.141 (2a5d6da0d61..., userDataDir: C:\Users\rinuh\AppData\Loca...}, fedcm:accounts: true, goog:chromeOptions: {debuggerAddress: localhost:61687}, networkConnectionEnabled: false, pageLoadStrategy: normal, platformName: windows, proxy: Proxy(), se:cdp: ws://localhost:61687/devtoo..., se:cdpVersion: 133.0.6943.142, setWindowRect: true, strictFileInteractability: false, timeouts: {implicit: 0, pageLoad: 300000, script: 30000}, unhandledPromptBehavior: dismiss and notify, webauthn:extension:credBlob: true, webauthn:extension:largeBlob: true, webauthn:extension:minPinLength: true, webauthn:extension:prf: true, webauthn:virtualAuthenticators: true}
Session ID: 44a61dfb1df5ba9eaed2bf47fcc5f51a
at org.openqa.selenium.remote.ErrorCodec.decode(ErrorCodec.java:167)
at org.openqa.selenium.remote.codec.w3c.W3CHttpResponseCodec.decode(W3CHttpResponseCodec.java:138)
at org.openqa.selenium.remote.codec.w3c.W3CHttpResponseCodec.decode(W3CHttpResponseCodec.java:50)
at org.openqa.selenium.remote.HttpCommandExecutor.execute(HttpCommandExecutor.java:215)
at org.openqa.selenium.remote.service.DriverCommandExecutor.invokeExecute(DriverCommandExecutor.java:216)
at org.openqa.selenium.remote.service.DriverCommandExecutor.execute(DriverCommandExecutor.java:174)
at org.openqa.selenium.remote.RemoteWebDriver.execute(RemoteWebDriver.java:545)
at org.openqa.selenium.remote.ElementLocation$ElementFinder$2.findElement(ElementLocation.java:165)
at org.openqa.selenium.remote.ElementLocation.findElement(ElementLocation.java:59)
at org.openqa.selenium.remote.RemoteWebDriver.findElement(RemoteWebDriver.java:368)
at org.openqa.selenium.remote.RemoteWebDriver.findElement(RemoteWebDriver.java:362)
at org.openqa.selenium.support.pagefactory.DefaultElementLocator.findElement(DefaultElementLocator.java:68)
at org.openqa.selenium.support.pagefactory.internal.LocatingElementHandler.invoke(LocatingElementHandler.java:38)
at jdk.proxy2/jdk.proxy2.$Proxy23.isDisplayed(Unknown Source)
at dsAlgo_PageFactory.LinkedList_PageFactory.practiceQuestionsLinkDisplayed(LinkedList_PageFactory.java:141)
at dsAlgo_TestClasses.LinkedList_TestClass.practiceQuestionsNavigation(LinkedList_TestClass.java:265)
at java.base/java.util.ArrayList.forEach(ArrayList.java:1597)
... Removed 28 stack frames]]>
    </failure>
  </testcase> <!-- practiceQuestionsNavigation -->
  <testcase classname="dsAlgo_BaseClass.BaseClass" name="validLoginDataBase" time="2.686"/>
  <testcase classname="dsAlgo_TestClasses.Stack_TestClass" name="callValidLogInData" time="2.968"/>
  <testcase classname="dsAlgo_TestClasses.Stack_TestClass" name="OperationsInStack" time="4.035"/>
  <testcase classname="dsAlgo_TestClasses.Stack_TestClass" name="Implementation" time="3.866"/>
  <testcase classname="dsAlgo_TestClasses.Stack_TestClass" name="Stack_Applications" time="3.775"/>
  <testcase classname="dsAlgo_TestClasses.Stack_TestClass" name="checkErrorMessageWhenExecutingWithoutenteringCodeInOperationsInStackPage" time="5.214">
    <skipped/>
  </testcase> <!-- checkErrorMessageWhenExecutingWithoutenteringCodeInOperationsInStackPage -->
  <testcase classname="dsAlgo_TestClasses.Stack_TestClass" name="checkErrorMessageWhenExecutingWithoutenteringCodeInOperationsInStackPage" time="4.794">
    <skipped/>
  </testcase> <!-- checkErrorMessageWhenExecutingWithoutenteringCodeInOperationsInStackPage -->
  <testcase classname="dsAlgo_TestClasses.Stack_TestClass" name="checkErrorMessageWhenExecutingWithoutenteringCodeInOperationsInStackPage" time="4.741">
    <failure type="java.lang.AssertionError" message="Test failed: Expected an error message when clicking the &amp;apos;Run&amp;apos; button without entering code, but no message was displayed.">
      <![CDATA[java.lang.AssertionError: Test failed: Expected an error message when clicking the 'Run' button without entering code, but no message was displayed.
at dsAlgo_TestClasses.Stack_TestClass.checkErrorMessageWhenExecutingWithoutenteringCodeInOperationsInStackPage(Stack_TestClass.java:75)
at java.base/java.util.ArrayList.forEach(ArrayList.java:1597)
... Removed 26 stack frames]]>
    </failure>
  </testcase> <!-- checkErrorMessageWhenExecutingWithoutenteringCodeInOperationsInStackPage -->
  <testcase classname="dsAlgo_TestClasses.Stack_TestClass" name="OperationsInStacktryeditor" time="5.337"/>
  <testcase classname="dsAlgo_TestClasses.Stack_TestClass" name="OperationsInStacktryeditor" time="5.903"/>
  <testcase classname="dsAlgo_TestClasses.Stack_TestClass" name="OperationsInStacktryeditor" time="5.191"/>
  <testcase classname="dsAlgo_TestClasses.Stack_TestClass" name="navigatebacktoOperationsinstack" time="4.766"/>
  <testcase classname="dsAlgo_TestClasses.Stack_TestClass" name="checkErrorMessageWhenExecutingWithoutenteringCodeInImplementation" time="5.067">
    <skipped/>
  </testcase> <!-- checkErrorMessageWhenExecutingWithoutenteringCodeInImplementation -->
  <testcase classname="dsAlgo_TestClasses.Stack_TestClass" name="checkErrorMessageWhenExecutingWithoutenteringCodeInImplementation" time="4.648">
    <skipped/>
  </testcase> <!-- checkErrorMessageWhenExecutingWithoutenteringCodeInImplementation -->
  <testcase classname="dsAlgo_TestClasses.Stack_TestClass" name="checkErrorMessageWhenExecutingWithoutenteringCodeInImplementation" time="4.699">
    <failure type="java.lang.AssertionError" message="Test failed: Expected an error message when clicking the &amp;apos;Run&amp;apos; button without entering code, but no message was displayed.">
      <![CDATA[java.lang.AssertionError: Test failed: Expected an error message when clicking the 'Run' button without entering code, but no message was displayed.
at dsAlgo_TestClasses.Stack_TestClass.checkErrorMessageWhenExecutingWithoutenteringCodeInImplementation(Stack_TestClass.java:106)
at java.base/java.util.ArrayList.forEach(ArrayList.java:1597)
... Removed 26 stack frames]]>
    </failure>
  </testcase> <!-- checkErrorMessageWhenExecutingWithoutenteringCodeInImplementation -->
  <testcase classname="dsAlgo_TestClasses.Stack_TestClass" name="Implementationtryeditor" time="7.045"/>
  <testcase classname="dsAlgo_TestClasses.Stack_TestClass" name="Implementationtryeditor" time="5.307"/>
  <testcase classname="dsAlgo_TestClasses.Stack_TestClass" name="Implementationtryeditor" time="5.417"/>
  <testcase classname="dsAlgo_TestClasses.Stack_TestClass" name="navigatebacktoImplementation" time="4.279"/>
  <testcase classname="dsAlgo_TestClasses.Stack_TestClass" name="checkErrorMessageWhenExecutingWithoutenteringCodeInApplication" time="4.859">
    <skipped/>
  </testcase> <!-- checkErrorMessageWhenExecutingWithoutenteringCodeInApplication -->
  <testcase classname="dsAlgo_TestClasses.Stack_TestClass" name="checkErrorMessageWhenExecutingWithoutenteringCodeInApplication" time="4.886">
    <skipped/>
  </testcase> <!-- checkErrorMessageWhenExecutingWithoutenteringCodeInApplication -->
  <testcase classname="dsAlgo_TestClasses.Stack_TestClass" name="checkErrorMessageWhenExecutingWithoutenteringCodeInApplication" time="5.322">
    <failure type="java.lang.AssertionError" message="Test failed: Expected an error message when clicking the &amp;apos;Run&amp;apos; button without entering code, but no message was displayed.">
      <![CDATA[java.lang.AssertionError: Test failed: Expected an error message when clicking the 'Run' button without entering code, but no message was displayed.
at dsAlgo_TestClasses.Stack_TestClass.checkErrorMessageWhenExecutingWithoutenteringCodeInApplication(Stack_TestClass.java:138)
at java.base/java.util.ArrayList.forEach(ArrayList.java:1597)
... Removed 26 stack frames]]>
    </failure>
  </testcase> <!-- checkErrorMessageWhenExecutingWithoutenteringCodeInApplication -->
  <testcase classname="dsAlgo_TestClasses.Stack_TestClass" name="Applicationtryeditor" time="5.113"/>
  <testcase classname="dsAlgo_TestClasses.Stack_TestClass" name="Applicationtryeditor" time="5.433"/>
  <testcase classname="dsAlgo_TestClasses.Stack_TestClass" name="Applicationtryeditor" time="5.158"/>
  <testcase classname="dsAlgo_TestClasses.Stack_TestClass" name="navigatebacktoStackApplication" time="4.381"/>
  <testcase classname="dsAlgo_TestClasses.Stack_TestClass" name="navigateToOperationsInStackPracticeQuestions" time="9.357">
    <skipped/>
  </testcase> <!-- navigateToOperationsInStackPracticeQuestions -->
  <testcase classname="dsAlgo_TestClasses.Stack_TestClass" name="navigateToOperationsInStackPracticeQuestions" time="8.944">
    <skipped/>
  </testcase> <!-- navigateToOperationsInStackPracticeQuestions -->
  <testcase classname="dsAlgo_TestClasses.Stack_TestClass" name="navigateToOperationsInStackPracticeQuestions" time="9.284">
    <failure type="org.openqa.selenium.NoSuchElementException" message="no such element: Unable to locate element: {&amp;quot;method&amp;quot;:&amp;quot;xpath&amp;quot;,&amp;quot;selector&amp;quot;:&amp;quot;./div&amp;quot;}
  (Session info: chrome=133.0.6943.142)
For documentation on this error, please visit: https://www.selenium.dev/documentation/webdriver/troubleshooting/errors#no-such-element-exception
Build info: version: &amp;apos;4.29.0&amp;apos;, revision: &amp;apos;5fc1ec94cb&amp;apos;
System info: os.name: &amp;apos;Windows 11&amp;apos;, os.arch: &amp;apos;amd64&amp;apos;, os.version: &amp;apos;10.0&amp;apos;, java.version: &amp;apos;23.0.1&amp;apos;
Driver info: org.openqa.selenium.chrome.ChromeDriver
Command: [614d72f5e3e6f71f9080a6813cf20ba1, findElement {value=./div, using=xpath}]
Capabilities {acceptInsecureCerts: false, browserName: chrome, browserVersion: 133.0.6943.142, chrome: {chromedriverVersion: 133.0.6943.141 (2a5d6da0d61..., userDataDir: C:\Users\rinuh\AppData\Loca...}, fedcm:accounts: true, goog:chromeOptions: {debuggerAddress: localhost:62572}, networkConnectionEnabled: false, pageLoadStrategy: normal, platformName: windows, proxy: Proxy(), se:cdp: ws://localhost:62572/devtoo..., se:cdpVersion: 133.0.6943.142, setWindowRect: true, strictFileInteractability: false, timeouts: {implicit: 0, pageLoad: 300000, script: 30000}, unhandledPromptBehavior: dismiss and notify, webauthn:extension:credBlob: true, webauthn:extension:largeBlob: true, webauthn:extension:minPinLength: true, webauthn:extension:prf: true, webauthn:virtualAuthenticators: true}
Session ID: 614d72f5e3e6f71f9080a6813cf20ba1">
      <![CDATA[org.openqa.selenium.NoSuchElementException: no such element: Unable to locate element: {"method":"xpath","selector":"./div"}
  (Session info: chrome=133.0.6943.142)
For documentation on this error, please visit: https://www.selenium.dev/documentation/webdriver/troubleshooting/errors#no-such-element-exception
Build info: version: '4.29.0', revision: '5fc1ec94cb'
System info: os.name: 'Windows 11', os.arch: 'amd64', os.version: '10.0', java.version: '23.0.1'
Driver info: org.openqa.selenium.chrome.ChromeDriver
Command: [614d72f5e3e6f71f9080a6813cf20ba1, findElement {value=./div, using=xpath}]
Capabilities {acceptInsecureCerts: false, browserName: chrome, browserVersion: 133.0.6943.142, chrome: {chromedriverVersion: 133.0.6943.141 (2a5d6da0d61..., userDataDir: C:\Users\rinuh\AppData\Loca...}, fedcm:accounts: true, goog:chromeOptions: {debuggerAddress: localhost:62572}, networkConnectionEnabled: false, pageLoadStrategy: normal, platformName: windows, proxy: Proxy(), se:cdp: ws://localhost:62572/devtoo..., se:cdpVersion: 133.0.6943.142, setWindowRect: true, strictFileInteractability: false, timeouts: {implicit: 0, pageLoad: 300000, script: 30000}, unhandledPromptBehavior: dismiss and notify, webauthn:extension:credBlob: true, webauthn:extension:largeBlob: true, webauthn:extension:minPinLength: true, webauthn:extension:prf: true, webauthn:virtualAuthenticators: true}
Session ID: 614d72f5e3e6f71f9080a6813cf20ba1
at org.openqa.selenium.remote.ErrorCodec.decode(ErrorCodec.java:167)
at org.openqa.selenium.remote.codec.w3c.W3CHttpResponseCodec.decode(W3CHttpResponseCodec.java:138)
at org.openqa.selenium.remote.codec.w3c.W3CHttpResponseCodec.decode(W3CHttpResponseCodec.java:50)
at org.openqa.selenium.remote.HttpCommandExecutor.execute(HttpCommandExecutor.java:215)
at org.openqa.selenium.remote.service.DriverCommandExecutor.invokeExecute(DriverCommandExecutor.java:216)
at org.openqa.selenium.remote.service.DriverCommandExecutor.execute(DriverCommandExecutor.java:174)
at org.openqa.selenium.remote.RemoteWebDriver.execute(RemoteWebDriver.java:545)
at org.openqa.selenium.remote.ElementLocation$ElementFinder$2.findElement(ElementLocation.java:165)
at org.openqa.selenium.remote.ElementLocation.findElement(ElementLocation.java:59)
at org.openqa.selenium.remote.RemoteWebDriver.findElement(RemoteWebDriver.java:368)
at org.openqa.selenium.remote.RemoteWebDriver.findElement(RemoteWebDriver.java:362)
at org.openqa.selenium.support.pagefactory.DefaultElementLocator.findElement(DefaultElementLocator.java:68)
at org.openqa.selenium.support.pagefactory.internal.LocatingElementHandler.invoke(LocatingElementHandler.java:38)
at jdk.proxy2/jdk.proxy2.$Proxy23.getText(Unknown Source)
at dsAlgo_PageFactory.Stack_PageFactory.childelements(Stack_PageFactory.java:154)
at dsAlgo_TestClasses.Stack_TestClass.navigateToOperationsInStackPracticeQuestions(Stack_TestClass.java:167)
at java.base/java.util.ArrayList.forEach(ArrayList.java:1597)
... Removed 28 stack frames]]>
    </failure>
  </testcase> <!-- navigateToOperationsInStackPracticeQuestions -->
  <testcase classname="dsAlgo_BaseClass.BaseClass" name="validLoginDataBase" time="2.429"/>
  <testcase classname="dsAlgo_TestClasses.Queue_TestClass" name="callValidLogInData" time="3.092"/>
  <testcase classname="dsAlgo_TestClasses.Queue_TestClass" name="ImplementationofQueueinPython" time="4.529"/>
  <testcase classname="dsAlgo_TestClasses.Queue_TestClass" name="Implementationusingcollectionsdeque" time="3.926"/>
  <testcase classname="dsAlgo_TestClasses.Queue_TestClass" name="Implementationusingarray" time="3.757"/>
  <testcase classname="dsAlgo_TestClasses.Queue_TestClass" name="Queueoperations" time="3.863"/>
  <testcase classname="dsAlgo_TestClasses.Queue_TestClass" name="checkErrorMessageWhenExecutingWithoutenteringCodeInImplementationofqueueinpython" time="5.041">
    <skipped/>
  </testcase> <!-- checkErrorMessageWhenExecutingWithoutenteringCodeInImplementationofqueueinpython -->
  <testcase classname="dsAlgo_TestClasses.Queue_TestClass" name="checkErrorMessageWhenExecutingWithoutenteringCodeInImplementationofqueueinpython" time="5.011">
    <skipped/>
  </testcase> <!-- checkErrorMessageWhenExecutingWithoutenteringCodeInImplementationofqueueinpython -->
  <testcase classname="dsAlgo_TestClasses.Queue_TestClass" name="checkErrorMessageWhenExecutingWithoutenteringCodeInImplementationofqueueinpython" time="4.808">
    <failure type="java.lang.AssertionError" message="Test failed: Expected an error message when clicking the &amp;apos;Run&amp;apos; button without entering code, but no message was displayed.">
      <![CDATA[java.lang.AssertionError: Test failed: Expected an error message when clicking the 'Run' button without entering code, but no message was displayed.
at dsAlgo_TestClasses.Queue_TestClass.checkErrorMessageWhenExecutingWithoutenteringCodeInImplementationofqueueinpython(Queue_TestClass.java:91)
at java.base/java.util.ArrayList.forEach(ArrayList.java:1597)
... Removed 26 stack frames]]>
    </failure>
  </testcase> <!-- checkErrorMessageWhenExecutingWithoutenteringCodeInImplementationofqueueinpython -->
  <testcase classname="dsAlgo_TestClasses.Queue_TestClass" name="ImplementationofQueueinPythontryeditor" time="5.511"/>
  <testcase classname="dsAlgo_TestClasses.Queue_TestClass" name="ImplementationofQueueinPythontryeditor" time="5.622"/>
  <testcase classname="dsAlgo_TestClasses.Queue_TestClass" name="ImplementationofQueueinPythontryeditor" time="4.957"/>
  <testcase classname="dsAlgo_TestClasses.Queue_TestClass" name="navigatebacktoImplementationofqueueinpython" time="4.804"/>
  <testcase classname="dsAlgo_TestClasses.Queue_TestClass" name="checkErrorMessageWhenExecutingWithoutenteringCodeInImplementationusingcollectionsdeque" time="5.316">
    <skipped/>
  </testcase> <!-- checkErrorMessageWhenExecutingWithoutenteringCodeInImplementationusingcollectionsdeque -->
  <testcase classname="dsAlgo_TestClasses.Queue_TestClass" name="checkErrorMessageWhenExecutingWithoutenteringCodeInImplementationusingcollectionsdeque" time="5.362">
    <skipped/>
  </testcase> <!-- checkErrorMessageWhenExecutingWithoutenteringCodeInImplementationusingcollectionsdeque -->
  <testcase classname="dsAlgo_TestClasses.Queue_TestClass" name="checkErrorMessageWhenExecutingWithoutenteringCodeInImplementationusingcollectionsdeque" time="5.197">
    <failure type="java.lang.AssertionError" message="Test failed: Expected an error message when clicking the &amp;apos;Run&amp;apos; button without entering code, but no message was displayed.">
      <![CDATA[java.lang.AssertionError: Test failed: Expected an error message when clicking the 'Run' button without entering code, but no message was displayed.
at dsAlgo_TestClasses.Queue_TestClass.checkErrorMessageWhenExecutingWithoutenteringCodeInImplementationusingcollectionsdeque(Queue_TestClass.java:122)
at java.base/java.util.ArrayList.forEach(ArrayList.java:1597)
... Removed 26 stack frames]]>
    </failure>
  </testcase> <!-- checkErrorMessageWhenExecutingWithoutenteringCodeInImplementationusingcollectionsdeque -->
  <testcase classname="dsAlgo_TestClasses.Queue_TestClass" name="Implementationusingcollectionsdequetryeditor" time="5.816"/>
  <testcase classname="dsAlgo_TestClasses.Queue_TestClass" name="Implementationusingcollectionsdequetryeditor" time="5.216"/>
  <testcase classname="dsAlgo_TestClasses.Queue_TestClass" name="Implementationusingcollectionsdequetryeditor" time="5.665"/>
  <testcase classname="dsAlgo_TestClasses.Queue_TestClass" name="navigatebacktoImplementationcollection" time="4.747"/>
  <testcase classname="dsAlgo_TestClasses.Queue_TestClass" name="checkErrorMessageWhenExecutingWithoutenteringCodeInImplementationusingarray" time="5.154">
    <skipped/>
  </testcase> <!-- checkErrorMessageWhenExecutingWithoutenteringCodeInImplementationusingarray -->
  <testcase classname="dsAlgo_TestClasses.Queue_TestClass" name="checkErrorMessageWhenExecutingWithoutenteringCodeInImplementationusingarray" time="4.572">
    <skipped/>
  </testcase> <!-- checkErrorMessageWhenExecutingWithoutenteringCodeInImplementationusingarray -->
  <testcase classname="dsAlgo_TestClasses.Queue_TestClass" name="checkErrorMessageWhenExecutingWithoutenteringCodeInImplementationusingarray" time="4.993">
    <failure type="java.lang.AssertionError" message="Test failed: Expected an error message when clicking the &amp;apos;Run&amp;apos; button without entering code, but no message was displayed.">
      <![CDATA[java.lang.AssertionError: Test failed: Expected an error message when clicking the 'Run' button without entering code, but no message was displayed.
at dsAlgo_TestClasses.Queue_TestClass.checkErrorMessageWhenExecutingWithoutenteringCodeInImplementationusingarray(Queue_TestClass.java:154)
at java.base/java.util.ArrayList.forEach(ArrayList.java:1597)
... Removed 26 stack frames]]>
    </failure>
  </testcase> <!-- checkErrorMessageWhenExecutingWithoutenteringCodeInImplementationusingarray -->
  <testcase classname="dsAlgo_TestClasses.Queue_TestClass" name="Implementationusingarraytryeditor" time="6.254"/>
  <testcase classname="dsAlgo_TestClasses.Queue_TestClass" name="Implementationusingarraytryeditor" time="5.534"/>
  <testcase classname="dsAlgo_TestClasses.Queue_TestClass" name="Implementationusingarraytryeditor" time="5.492"/>
  <testcase classname="dsAlgo_TestClasses.Queue_TestClass" name="navigatebacktoImplementationusingarray" time="4.746"/>
  <testcase classname="dsAlgo_TestClasses.Queue_TestClass" name="checkErrorMessageWhenExecutingWithoutenteringCodeInQueueoperations" time="4.903">
    <skipped/>
  </testcase> <!-- checkErrorMessageWhenExecutingWithoutenteringCodeInQueueoperations -->
  <testcase classname="dsAlgo_TestClasses.Queue_TestClass" name="checkErrorMessageWhenExecutingWithoutenteringCodeInQueueoperations" time="4.735">
    <skipped/>
  </testcase> <!-- checkErrorMessageWhenExecutingWithoutenteringCodeInQueueoperations -->
  <testcase classname="dsAlgo_TestClasses.Queue_TestClass" name="checkErrorMessageWhenExecutingWithoutenteringCodeInQueueoperations" time="5.365">
    <failure type="java.lang.AssertionError" message="Test failed: Expected an error message when clicking the &amp;apos;Run&amp;apos; button without entering code, but no message was displayed.">
      <![CDATA[java.lang.AssertionError: Test failed: Expected an error message when clicking the 'Run' button without entering code, but no message was displayed.
at dsAlgo_TestClasses.Queue_TestClass.checkErrorMessageWhenExecutingWithoutenteringCodeInQueueoperations(Queue_TestClass.java:186)
at java.base/java.util.ArrayList.forEach(ArrayList.java:1597)
... Removed 26 stack frames]]>
    </failure>
  </testcase> <!-- checkErrorMessageWhenExecutingWithoutenteringCodeInQueueoperations -->
  <testcase classname="dsAlgo_TestClasses.Queue_TestClass" name="Queueoperationstryeditor" time="5.275"/>
  <testcase classname="dsAlgo_TestClasses.Queue_TestClass" name="Queueoperationstryeditor" time="5.764"/>
  <testcase classname="dsAlgo_TestClasses.Queue_TestClass" name="Queueoperationstryeditor" time="4.893"/>
  <testcase classname="dsAlgo_TestClasses.Queue_TestClass" name="navigatebacktoQueueoperations" time="4.253"/>
  <testcase classname="dsAlgo_TestClasses.Queue_TestClass" name="navigateToImplementationofQueueinPythonPracticeQuestions" time="9.203">
    <skipped/>
  </testcase> <!-- navigateToImplementationofQueueinPythonPracticeQuestions -->
  <testcase classname="dsAlgo_TestClasses.Queue_TestClass" name="navigateToImplementationofQueueinPythonPracticeQuestions" time="9.139">
    <skipped/>
  </testcase> <!-- navigateToImplementationofQueueinPythonPracticeQuestions -->
  <testcase classname="dsAlgo_TestClasses.Queue_TestClass" name="navigateToImplementationofQueueinPythonPracticeQuestions" time="9.696">
    <failure type="org.openqa.selenium.NoSuchElementException" message="no such element: Unable to locate element: {&amp;quot;method&amp;quot;:&amp;quot;xpath&amp;quot;,&amp;quot;selector&amp;quot;:&amp;quot;./div&amp;quot;}
  (Session info: chrome=133.0.6943.142)
For documentation on this error, please visit: https://www.selenium.dev/documentation/webdriver/troubleshooting/errors#no-such-element-exception
Build info: version: &amp;apos;4.29.0&amp;apos;, revision: &amp;apos;5fc1ec94cb&amp;apos;
System info: os.name: &amp;apos;Windows 11&amp;apos;, os.arch: &amp;apos;amd64&amp;apos;, os.version: &amp;apos;10.0&amp;apos;, java.version: &amp;apos;23.0.1&amp;apos;
Driver info: org.openqa.selenium.chrome.ChromeDriver
Command: [9f4b58a204151961cd688dba3b6f6168, findElement {value=./div, using=xpath}]
Capabilities {acceptInsecureCerts: false, browserName: chrome, browserVersion: 133.0.6943.142, chrome: {chromedriverVersion: 133.0.6943.141 (2a5d6da0d61..., userDataDir: C:\Users\rinuh\AppData\Loca...}, fedcm:accounts: true, goog:chromeOptions: {debuggerAddress: localhost:63715}, networkConnectionEnabled: false, pageLoadStrategy: normal, platformName: windows, proxy: Proxy(), se:cdp: ws://localhost:63715/devtoo..., se:cdpVersion: 133.0.6943.142, setWindowRect: true, strictFileInteractability: false, timeouts: {implicit: 0, pageLoad: 300000, script: 30000}, unhandledPromptBehavior: dismiss and notify, webauthn:extension:credBlob: true, webauthn:extension:largeBlob: true, webauthn:extension:minPinLength: true, webauthn:extension:prf: true, webauthn:virtualAuthenticators: true}
Session ID: 9f4b58a204151961cd688dba3b6f6168">
      <![CDATA[org.openqa.selenium.NoSuchElementException: no such element: Unable to locate element: {"method":"xpath","selector":"./div"}
  (Session info: chrome=133.0.6943.142)
For documentation on this error, please visit: https://www.selenium.dev/documentation/webdriver/troubleshooting/errors#no-such-element-exception
Build info: version: '4.29.0', revision: '5fc1ec94cb'
System info: os.name: 'Windows 11', os.arch: 'amd64', os.version: '10.0', java.version: '23.0.1'
Driver info: org.openqa.selenium.chrome.ChromeDriver
Command: [9f4b58a204151961cd688dba3b6f6168, findElement {value=./div, using=xpath}]
Capabilities {acceptInsecureCerts: false, browserName: chrome, browserVersion: 133.0.6943.142, chrome: {chromedriverVersion: 133.0.6943.141 (2a5d6da0d61..., userDataDir: C:\Users\rinuh\AppData\Loca...}, fedcm:accounts: true, goog:chromeOptions: {debuggerAddress: localhost:63715}, networkConnectionEnabled: false, pageLoadStrategy: normal, platformName: windows, proxy: Proxy(), se:cdp: ws://localhost:63715/devtoo..., se:cdpVersion: 133.0.6943.142, setWindowRect: true, strictFileInteractability: false, timeouts: {implicit: 0, pageLoad: 300000, script: 30000}, unhandledPromptBehavior: dismiss and notify, webauthn:extension:credBlob: true, webauthn:extension:largeBlob: true, webauthn:extension:minPinLength: true, webauthn:extension:prf: true, webauthn:virtualAuthenticators: true}
Session ID: 9f4b58a204151961cd688dba3b6f6168
at org.openqa.selenium.remote.ErrorCodec.decode(ErrorCodec.java:167)
at org.openqa.selenium.remote.codec.w3c.W3CHttpResponseCodec.decode(W3CHttpResponseCodec.java:138)
at org.openqa.selenium.remote.codec.w3c.W3CHttpResponseCodec.decode(W3CHttpResponseCodec.java:50)
at org.openqa.selenium.remote.HttpCommandExecutor.execute(HttpCommandExecutor.java:215)
at org.openqa.selenium.remote.service.DriverCommandExecutor.invokeExecute(DriverCommandExecutor.java:216)
at org.openqa.selenium.remote.service.DriverCommandExecutor.execute(DriverCommandExecutor.java:174)
at org.openqa.selenium.remote.RemoteWebDriver.execute(RemoteWebDriver.java:545)
at org.openqa.selenium.remote.ElementLocation$ElementFinder$2.findElement(ElementLocation.java:165)
at org.openqa.selenium.remote.ElementLocation.findElement(ElementLocation.java:59)
at org.openqa.selenium.remote.RemoteWebDriver.findElement(RemoteWebDriver.java:368)
at org.openqa.selenium.remote.RemoteWebDriver.findElement(RemoteWebDriver.java:362)
at org.openqa.selenium.support.pagefactory.DefaultElementLocator.findElement(DefaultElementLocator.java:68)
at org.openqa.selenium.support.pagefactory.internal.LocatingElementHandler.invoke(LocatingElementHandler.java:38)
at jdk.proxy2/jdk.proxy2.$Proxy23.getText(Unknown Source)
at dsAlgo_PageFactory.Queue_PageFactory.childelements(Queue_PageFactory.java:150)
at dsAlgo_TestClasses.Queue_TestClass.navigateToImplementationofQueueinPythonPracticeQuestions(Queue_TestClass.java:217)
at java.base/java.util.ArrayList.forEach(ArrayList.java:1597)
... Removed 28 stack frames]]>
    </failure>
  </testcase> <!-- navigateToImplementationofQueueinPythonPracticeQuestions -->
</testsuite> <!-- ChromeTest -->
