<?xml version="1.0" encoding="UTF-8"?>
<!-- Generated by org.testng.reporters.JUnitXMLReporter -->
<testsuite ignored="0" hostname="AX15" failures="1" tests="13" name="EdgeTest" time="224.45" errors="0" timestamp="2025-03-10T23:16:38 EDT">
  <testcase classname="dsAlgo_TestClasses.Home_TestClass" name="arraysClick" time="2.636"/>
  <testcase classname="dsAlgo_TestClasses.Home_TestClass" name="graphClick" time="0.698"/>
  <testcase classname="dsAlgo_TestClasses.Home_TestClass" name="linkedListClick" time="0.774"/>
  <testcase classname="dsAlgo_TestClasses.Home_TestClass" name="queueClick" time="0.596"/>
  <testcase classname="dsAlgo_TestClasses.Home_TestClass" name="stackClick" time="0.927"/>
  <testcase classname="dsAlgo_TestClasses.Home_TestClass" name="treeClick" time="1.72"/>
  <testcase classname="dsAlgo_BaseClass.BaseClass" name="validLoginDataBase" time="1.243"/>
  <testcase classname="dsAlgo_TestClasses.Login_TestClass" name="validLogInData" time="0.168">
    <failure type="org.testng.internal.reflect.MethodMatcherException" message="
[public void dsAlgo_TestClasses.Login_TestClass.validLogInData(java.lang.String,java.lang.String,java.lang.String)] has no parameters defined but was found to be using a data provider (either explicitly specified or inherited from class level annotation).
Data provider mismatch
Method: validLogInData([java.lang.String arg0, java.lang.String arg1, java.lang.String arg2])
Arguments: [(java.lang.String) ,(java.lang.String) ]">
      <![CDATA[org.testng.internal.reflect.MethodMatcherException: 
[public void dsAlgo_TestClasses.Login_TestClass.validLogInData(java.lang.String,java.lang.String,java.lang.String)] has no parameters defined but was found to be using a data provider (either explicitly specified or inherited from class level annotation).
Data provider mismatch
Method: validLogInData([java.lang.String arg0, java.lang.String arg1, java.lang.String arg2])
Arguments: [(java.lang.String) ,(java.lang.String) ]
at java.base/java.util.ArrayList.forEach(ArrayList.java:1597)
at java.base/java.util.concurrent.FutureTask.run(FutureTask.java:317)
at java.base/java.util.concurrent.ThreadPoolExecutor.runWorker(ThreadPoolExecutor.java:1144)
at java.base/java.util.concurrent.ThreadPoolExecutor$Worker.run(ThreadPoolExecutor.java:642)
at java.base/java.lang.Thread.run(Thread.java:1575)
... Removed 12 stack frames]]>
    </failure>
  </testcase> <!-- validLogInData -->
  <testcase classname="dsAlgo_BaseClass.BaseClass" name="validLoginDataBase" time="7.627"/>
  <testcase classname="dsAlgo_TestClasses.Stack_TestClass" name="OperationsInStacktryeditor" time="16.12"/>
  <testcase classname="dsAlgo_TestClasses.Stack_TestClass" name="OperationsInStacktryeditor" time="9.581"/>
  <testcase classname="dsAlgo_TestClasses.Stack_TestClass" name="OperationsInStacktryeditor" time="11.105"/>
  <testcase classname="dsAlgo_TestClasses.Stack_TestClass" name="callValidLogInData" time="5.504"/>
</testsuite> <!-- EdgeTest -->
