<?xml version="1.0" encoding="UTF-8"?>
<!-- Generated by org.testng.reporters.JUnitXMLReporter -->
<testsuite ignored="0" hostname="AX15" failures="1" tests="2" name="Test2" time="24.939" errors="0" timestamp="2025-03-10T23:39:47 EDT">
  <testcase classname="dsAlgo_BaseClass.BaseClass" name="validLoginDataBase" time="4.044"/>
  <testcase classname="dsAlgo_TestClasses.Login_TestClass" name="validLogInData" time="0.263">
    <failure type="org.testng.internal.reflect.MethodMatcherException" message="
[public void dsAlgo_TestClasses.Login_TestClass.validLogInData(java.lang.String,java.lang.String,java.lang.String)] has no parameters defined but was found to be using a data provider (either explicitly specified or inherited from class level annotation).
Data provider mismatch
Method: validLogInData([java.lang.String arg0, java.lang.String arg1, java.lang.String arg2])
Arguments: [(java.lang.String) ,(java.lang.String) ]">
      <![CDATA[org.testng.internal.reflect.MethodMatcherException: 
[public void dsAlgo_TestClasses.Login_TestClass.validLogInData(java.lang.String,java.lang.String,java.lang.String)] has no parameters defined but was found to be using a data provider (either explicitly specified or inherited from class level annotation).
Data provider mismatch
Method: validLogInData([java.lang.String arg0, java.lang.String arg1, java.lang.String arg2])
Arguments: [(java.lang.String) ,(java.lang.String) ]
at java.base/java.util.ArrayList.forEach(ArrayList.java:1597)
at java.base/java.util.concurrent.FutureTask.run(FutureTask.java:317)
at java.base/java.util.concurrent.ThreadPoolExecutor.runWorker(ThreadPoolExecutor.java:1144)
at java.base/java.util.concurrent.ThreadPoolExecutor$Worker.run(ThreadPoolExecutor.java:642)
at java.base/java.lang.Thread.run(Thread.java:1575)
... Removed 12 stack frames]]>
    </failure>
  </testcase> <!-- validLogInData -->
</testsuite> <!-- Test2 -->
