<!DOCTYPE html PUBLIC "-//W3C//DTD XHTML 1.1//EN" "https://www.w3.org/TR/xhtml11/DTD/xhtml11.dtd">
<html xmlns="https://www.w3.org/1999/xhtml">
<head>
<meta http-equiv="content-type" content="text/html; charset=UTF-8"/>
<title>TestNG Report</title>
<style type="text/css">table {margin-bottom:10px;border-collapse:collapse;empty-cells:show}th,td {border:1px solid #009;padding:.25em .5em}th {vertical-align:bottom}td {vertical-align:top}table a {font-weight:bold}.stripe td {background-color: #E6EBF9}.num {text-align:right}.passedodd td {background-color: #3F3}.passedeven td {background-color: #0A0}.skippedodd td {background-color: #DDD}.skippedeven td {background-color: #CCC}.failedodd td,.attn {background-color: #F33}.failedeven td,.stripe .attn {background-color: #D00}.stacktrace {white-space:pre;font-family:monospace}.totop {font-size:85%;text-align:center;border-bottom:2px solid #000}.invisible {display:none}</style>
</head>
<body>
<table>
<tr><th>Test</th><th># Passed</th><th># Skipped</th><th># Retried</th><th># Failed</th><th>Time (ms)</th><th>Included Groups</th><th>Excluded Groups</th></tr>
<tr><th colspan="8">Default suite</th></tr>
<tr><td><a href="#t0">Default test</a></td><td class="num">16</td><td class="num">0</td><td class="num">0</td><td class="num attn">2</td><td class="num">86,284</td><td></td><td></td></tr>
</table>
<table id='summary'><thead><tr><th>Class</th><th>Method</th><th>Start</th><th>Time (ms)</th></tr></thead><tbody><tr><th colspan="4">Default suite</th></tr></tbody><tbody id="t0"><tr><th colspan="4">Default test &#8212; failed</th></tr><tr class="failedeven"><td rowspan="2">dsAlgo_TestClasses.Register_TestClass</td><td><a href="#m0">registerBugPass</a></td><td rowspan="1">1741882357661</td><td rowspan="1">1744</td></tr><tr class="failedeven"><td><a href="#m1">registerValid</a></td><td rowspan="1">1741882347817</td><td rowspan="1">6450</td></tr><tr><th colspan="4">Default test &#8212; passed</th></tr><tr class="passedeven"><td rowspan="16">dsAlgo_TestClasses.Register_TestClass</td><td><a href="#m2">registerBlankFld</a></td><td rowspan="3">1741882336091</td><td rowspan="3">1052</td></tr><tr class="passedeven"><td><a href="#m3">registerBlankFld</a></td></tr><tr class="passedeven"><td><a href="#m4">registerBlankFld</a></td></tr><tr class="passedeven"><td><a href="#m5">registerInvalidPass</a></td><td rowspan="3">1741882329936</td><td rowspan="3">2785</td></tr><tr class="passedeven"><td><a href="#m6">registerInvalidPass</a></td></tr><tr class="passedeven"><td><a href="#m7">registerInvalidPass</a></td></tr><tr class="passedeven"><td><a href="#m8">registerInvalidUser</a></td><td rowspan="2">1741882315983</td><td rowspan="2">1594</td></tr><tr class="passedeven"><td><a href="#m9">registerInvalidUser</a></td></tr><tr class="passedeven"><td><a href="#m10">registerOnlyPassword</a></td><td rowspan="4">1741882295126</td><td rowspan="4">1014</td></tr><tr class="passedeven"><td><a href="#m11">registerOnlyPassword</a></td></tr><tr class="passedeven"><td><a href="#m12">registerOnlyPassword</a></td></tr><tr class="passedeven"><td><a href="#m13">registerOnlyPassword</a></td></tr><tr class="passedeven"><td><a href="#m14">registerOnlyUsername</a></td><td rowspan="4">1741882287498</td><td rowspan="4">903</td></tr><tr class="passedeven"><td><a href="#m15">registerOnlyUsername</a></td></tr><tr class="passedeven"><td><a href="#m16">registerOnlyUsername</a></td></tr><tr class="passedeven"><td><a href="#m17">registerOnlyUsername</a></td></tr></tbody>
</table>
<h2>Default test</h2><h3 id="m0">dsAlgo_TestClasses.Register_TestClass#registerBugPass</h3><table class="result"><tr class="param"><th>Parameter #1</th><th>Parameter #2</th><th>Parameter #3</th><th>Parameter #4</th></tr><tr class="param stripe"><td>SampleTest@3237</td><td>code$^&amp;()_+)(*</td><td>code$^&amp;()_+)(*</td><td>password_mismatch:The two password fields didn’t match.</td></tr><tr><th colspan="4">Exception</th></tr><tr><td colspan="4"><div class="stacktrace">java.lang.AssertionError: Error message should be displayed for password when special characters other than &apos;@/./+/-/_&apos; are given. But user is allowed to Register.
	at org.testng.Assert.fail(Assert.java:111)
	at dsAlgo_TestClasses.Register_TestClass.registerBugPass(Register_TestClass.java:125)
	at java.base/jdk.internal.reflect.DirectMethodHandleAccessor.invoke(DirectMethodHandleAccessor.java:103)
	at java.base/java.lang.reflect.Method.invoke(Method.java:580)
	at org.testng.internal.invokers.MethodInvocationHelper.invokeMethod(MethodInvocationHelper.java:141)
	at org.testng.internal.invokers.TestInvoker.invokeMethod(TestInvoker.java:687)
	at org.testng.internal.invokers.TestInvoker.invokeTestMethod(TestInvoker.java:230)
	at org.testng.internal.invokers.MethodRunner.runInSequence(MethodRunner.java:63)
	at org.testng.internal.invokers.TestInvoker$MethodInvocationAgent.invoke(TestInvoker.java:995)
	at org.testng.internal.invokers.TestInvoker.invokeTestMethods(TestInvoker.java:203)
	at org.testng.internal.invokers.TestMethodWorker.invokeTestMethods(TestMethodWorker.java:154)
	at org.testng.internal.invokers.TestMethodWorker.run(TestMethodWorker.java:134)
	at java.base/java.util.ArrayList.forEach(ArrayList.java:1597)
	at org.testng.TestRunner.privateRun(TestRunner.java:741)
	at org.testng.TestRunner.run(TestRunner.java:616)
	at org.testng.SuiteRunner.runTest(SuiteRunner.java:421)
	at org.testng.SuiteRunner.runSequentially(SuiteRunner.java:413)
	at org.testng.SuiteRunner.privateRun(SuiteRunner.java:373)
	at org.testng.SuiteRunner.run(SuiteRunner.java:312)
	at org.testng.SuiteRunnerWorker.runSuite(SuiteRunnerWorker.java:52)
	at org.testng.SuiteRunnerWorker.run(SuiteRunnerWorker.java:95)
	at org.testng.TestNG.runSuitesSequentially(TestNG.java:1274)
	at org.testng.TestNG.runSuitesLocally(TestNG.java:1208)
	at org.testng.TestNG.runSuites(TestNG.java:1112)
	at org.testng.TestNG.run(TestNG.java:1079)
	at org.testng.remote.AbstractRemoteTestNG.run(AbstractRemoteTestNG.java:115)
	at org.testng.remote.RemoteTestNG.initAndRun(RemoteTestNG.java:293)
	at org.testng.remote.RemoteTestNG.main(RemoteTestNG.java:91)
</div></td></tr></table><p class="totop"><a href="#summary">back to summary</a></p>
<h3 id="m1">dsAlgo_TestClasses.Register_TestClass#registerValid</h3><table class="result"><tr class="param"><th>Parameter #1</th><th>Parameter #2</th><th>Parameter #3</th><th>Parameter #4</th></tr><tr class="param stripe"><td>Sample@9093</td><td>code@123</td><td>code@123</td><td>New Account Created. You are logged in as</td></tr><tr><th colspan="4">Exception</th></tr><tr><td colspan="4"><div class="stacktrace">org.openqa.selenium.NoSuchElementException: no such element: Unable to locate element: {&quot;method&quot;:&quot;xpath&quot;,&quot;selector&quot;:&quot;//div[contains(text(),&apos;Account Created&apos;)]&quot;}
  (Session info: chrome=133.0.6943.142)
For documentation on this error, please visit: https://www.selenium.dev/documentation/webdriver/troubleshooting/errors#no-such-element-exception
Build info: version: &apos;4.29.0&apos;, revision: &apos;5fc1ec94cb&apos;
System info: os.name: &apos;Windows 11&apos;, os.arch: &apos;amd64&apos;, os.version: &apos;10.0&apos;, java.version: &apos;23.0.1&apos;
Driver info: org.openqa.selenium.chrome.ChromeDriver
Command: [07510a2846e49d2cc7721b2dca3289b7, findElement {using=xpath, value=//div[contains(text(),&apos;Account Created&apos;)]}]
Capabilities {acceptInsecureCerts: false, browserName: chrome, browserVersion: 133.0.6943.142, chrome: {chromedriverVersion: 133.0.6943.141 (2a5d6da0d61..., userDataDir: C:\Users\rinuh\AppData\Loca...}, fedcm:accounts: true, goog:chromeOptions: {debuggerAddress: localhost:64710}, networkConnectionEnabled: false, pageLoadStrategy: normal, platformName: windows, proxy: Proxy(), se:cdp: ws://localhost:64710/devtoo..., se:cdpVersion: 133.0.6943.142, setWindowRect: true, strictFileInteractability: false, timeouts: {implicit: 0, pageLoad: 300000, script: 30000}, unhandledPromptBehavior: dismiss and notify, webauthn:extension:credBlob: true, webauthn:extension:largeBlob: true, webauthn:extension:minPinLength: true, webauthn:extension:prf: true, webauthn:virtualAuthenticators: true}
Session ID: 07510a2846e49d2cc7721b2dca3289b7
	at java.base/jdk.internal.reflect.DirectConstructorHandleAccessor.newInstance(DirectConstructorHandleAccessor.java:62)
	at java.base/java.lang.reflect.Constructor.newInstanceWithCaller(Constructor.java:501)
	at java.base/java.lang.reflect.Constructor.newInstance(Constructor.java:485)
	at org.openqa.selenium.remote.ErrorCodec.decode(ErrorCodec.java:167)
	at org.openqa.selenium.remote.codec.w3c.W3CHttpResponseCodec.decode(W3CHttpResponseCodec.java:138)
	at org.openqa.selenium.remote.codec.w3c.W3CHttpResponseCodec.decode(W3CHttpResponseCodec.java:50)
	at org.openqa.selenium.remote.HttpCommandExecutor.execute(HttpCommandExecutor.java:215)
	at org.openqa.selenium.remote.service.DriverCommandExecutor.invokeExecute(DriverCommandExecutor.java:216)
	at org.openqa.selenium.remote.service.DriverCommandExecutor.execute(DriverCommandExecutor.java:174)
	at org.openqa.selenium.remote.RemoteWebDriver.execute(RemoteWebDriver.java:545)
	at org.openqa.selenium.remote.ElementLocation$ElementFinder$2.findElement(ElementLocation.java:165)
	at org.openqa.selenium.remote.ElementLocation.findElement(ElementLocation.java:59)
	at org.openqa.selenium.remote.RemoteWebDriver.findElement(RemoteWebDriver.java:368)
	at org.openqa.selenium.remote.RemoteWebDriver.findElement(RemoteWebDriver.java:362)
	at org.openqa.selenium.support.pagefactory.DefaultElementLocator.findElement(DefaultElementLocator.java:68)
	at org.openqa.selenium.support.pagefactory.internal.LocatingElementHandler.invoke(LocatingElementHandler.java:38)
	at jdk.proxy2/jdk.proxy2.$Proxy22.getText(Unknown Source)
	at dsAlgo_TestClasses.Register_TestClass.registerValid(Register_TestClass.java:113)
	at java.base/jdk.internal.reflect.DirectMethodHandleAccessor.invoke(DirectMethodHandleAccessor.java:103)
	at java.base/java.lang.reflect.Method.invoke(Method.java:580)
	at org.testng.internal.invokers.MethodInvocationHelper.invokeMethod(MethodInvocationHelper.java:141)
	at org.testng.internal.invokers.TestInvoker.invokeMethod(TestInvoker.java:687)
	at org.testng.internal.invokers.TestInvoker.invokeTestMethod(TestInvoker.java:230)
	at org.testng.internal.invokers.MethodRunner.runInSequence(MethodRunner.java:63)
	at org.testng.internal.invokers.TestInvoker$MethodInvocationAgent.invoke(TestInvoker.java:995)
	at org.testng.internal.invokers.TestInvoker.invokeTestMethods(TestInvoker.java:203)
	at org.testng.internal.invokers.TestMethodWorker.invokeTestMethods(TestMethodWorker.java:154)
	at org.testng.internal.invokers.TestMethodWorker.run(TestMethodWorker.java:134)
	at java.base/java.util.ArrayList.forEach(ArrayList.java:1597)
	at org.testng.TestRunner.privateRun(TestRunner.java:741)
	at org.testng.TestRunner.run(TestRunner.java:616)
	at org.testng.SuiteRunner.runTest(SuiteRunner.java:421)
	at org.testng.SuiteRunner.runSequentially(SuiteRunner.java:413)
	at org.testng.SuiteRunner.privateRun(SuiteRunner.java:373)
	at org.testng.SuiteRunner.run(SuiteRunner.java:312)
	at org.testng.SuiteRunnerWorker.runSuite(SuiteRunnerWorker.java:52)
	at org.testng.SuiteRunnerWorker.run(SuiteRunnerWorker.java:95)
	at org.testng.TestNG.runSuitesSequentially(TestNG.java:1274)
	at org.testng.TestNG.runSuitesLocally(TestNG.java:1208)
	at org.testng.TestNG.runSuites(TestNG.java:1112)
	at org.testng.TestNG.run(TestNG.java:1079)
	at org.testng.remote.AbstractRemoteTestNG.run(AbstractRemoteTestNG.java:115)
	at org.testng.remote.RemoteTestNG.initAndRun(RemoteTestNG.java:293)
	at org.testng.remote.RemoteTestNG.main(RemoteTestNG.java:91)
</div></td></tr></table><p class="totop"><a href="#summary">back to summary</a></p>
<h3 id="m2">dsAlgo_TestClasses.Register_TestClass#registerBlankFld</h3><table class="result"><tr class="param"><th>Parameter #1</th><th>Parameter #2</th><th>Parameter #3</th><th>Parameter #4</th></tr><tr class="param stripe"><td></td><td>code@123</td><td>code@123</td><td>Please fill out this field.</td></tr></table><p class="totop"><a href="#summary">back to summary</a></p>
<h3 id="m3">dsAlgo_TestClasses.Register_TestClass#registerBlankFld</h3><table class="result"><tr class="param"><th>Parameter #1</th><th>Parameter #2</th><th>Parameter #3</th><th>Parameter #4</th></tr><tr class="param stripe"><td>Admin1234</td><td>code@123</td><td></td><td>Please fill out this field.</td></tr></table><p class="totop"><a href="#summary">back to summary</a></p>
<h3 id="m4">dsAlgo_TestClasses.Register_TestClass#registerBlankFld</h3><table class="result"><tr class="param"><th>Parameter #1</th><th>Parameter #2</th><th>Parameter #3</th><th>Parameter #4</th></tr><tr class="param stripe"><td>Admin1234</td><td></td><td>code@123</td><td>Please fill out this field.</td></tr></table><p class="totop"><a href="#summary">back to summary</a></p>
<h3 id="m5">dsAlgo_TestClasses.Register_TestClass#registerInvalidPass</h3><table class="result"><tr class="param"><th>Parameter #1</th><th>Parameter #2</th><th>Parameter #3</th><th>Parameter #4</th></tr><tr class="param stripe"><td>Admin1234</td><td>abcdefghijklmnopqrstuvwxyz1234567890abcdefghijklmnopqrstuvwxyz1234567890abcdefghijklmnopqrstuvwxyz1234567890abcdefghijklmnopqrstuvwxyz1234567890</td><td>abcdefghijklmnopqrstuvwxyz1234567890abcdefghijklmnopqrstuvwxyz1234567890abcdefghijklmnopqrstuvwxyz1234567890abcdefghijklmnopqrstuvwxyz1234567890</td><td>password_mismatch:The two password fields didn’t match.</td></tr></table><p class="totop"><a href="#summary">back to summary</a></p>
<h3 id="m6">dsAlgo_TestClasses.Register_TestClass#registerInvalidPass</h3><table class="result"><tr class="param"><th>Parameter #1</th><th>Parameter #2</th><th>Parameter #3</th><th>Parameter #4</th></tr><tr class="param stripe"><td>Admin1234</td><td>abcd12</td><td>abcd12</td><td>password_mismatch:The two password fields didn’t match.</td></tr></table><p class="totop"><a href="#summary">back to summary</a></p>
<h3 id="m7">dsAlgo_TestClasses.Register_TestClass#registerInvalidPass</h3><table class="result"><tr class="param"><th>Parameter #1</th><th>Parameter #2</th><th>Parameter #3</th><th>Parameter #4</th></tr><tr class="param stripe"><td>Admin1234</td><td>1.2345678E7</td><td>1.2345678E7</td><td>password_mismatch:The two password fields didn’t match.</td></tr></table><p class="totop"><a href="#summary">back to summary</a></p>
<h3 id="m8">dsAlgo_TestClasses.Register_TestClass#registerInvalidUser</h3><table class="result"><tr class="param"><th>Parameter #1</th><th>Parameter #2</th><th>Parameter #3</th><th>Parameter #4</th></tr><tr class="param stripe"><td>Admin&amp;#*^(</td><td>ninja@123</td><td>ninja@123</td><td>password_mismatch:The two password fields didn’t match.</td></tr></table><p class="totop"><a href="#summary">back to summary</a></p>
<h3 id="m9">dsAlgo_TestClasses.Register_TestClass#registerInvalidUser</h3><table class="result"><tr class="param"><th>Parameter #1</th><th>Parameter #2</th><th>Parameter #3</th><th>Parameter #4</th></tr><tr class="param stripe"><td>Admin(*&amp;56</td><td>ninja@123</td><td>ninja@123</td><td>password_mismatch:The two password fields didn’t match.</td></tr></table><p class="totop"><a href="#summary">back to summary</a></p>
<h3 id="m10">dsAlgo_TestClasses.Register_TestClass#registerOnlyPassword</h3><table class="result"><tr class="param"><th>Parameter #1</th><th>Parameter #2</th><th>Parameter #3</th><th>Parameter #4</th></tr><tr class="param stripe"><td></td><td>Code@1234</td><td></td><td>Please fill out this field.</td></tr></table><p class="totop"><a href="#summary">back to summary</a></p>
<h3 id="m11">dsAlgo_TestClasses.Register_TestClass#registerOnlyPassword</h3><table class="result"><tr class="param"><th>Parameter #1</th><th>Parameter #2</th><th>Parameter #3</th><th>Parameter #4</th></tr><tr class="param stripe"><td></td><td>Code+-_.@</td><td></td><td>Please fill out this field.</td></tr></table><p class="totop"><a href="#summary">back to summary</a></p>
<h3 id="m12">dsAlgo_TestClasses.Register_TestClass#registerOnlyPassword</h3><table class="result"><tr class="param"><th>Parameter #1</th><th>Parameter #2</th><th>Parameter #3</th><th>Parameter #4</th></tr><tr class="param stripe"><td></td><td>Code@1234Code@1234Code@1234Code@1234</td><td></td><td>Please fill out this field.</td></tr></table><p class="totop"><a href="#summary">back to summary</a></p>
<h3 id="m13">dsAlgo_TestClasses.Register_TestClass#registerOnlyPassword</h3><table class="result"><tr class="param"><th>Parameter #1</th><th>Parameter #2</th><th>Parameter #3</th><th>Parameter #4</th></tr><tr class="param stripe"><td></td><td>codecode</td><td></td><td>Please fill out this field.</td></tr></table><p class="totop"><a href="#summary">back to summary</a></p>
<h3 id="m14">dsAlgo_TestClasses.Register_TestClass#registerOnlyUsername</h3><table class="result"><tr class="param"><th>Parameter #1</th><th>Parameter #2</th><th>Parameter #3</th><th>Parameter #4</th></tr><tr class="param stripe"><td>1.2345678E7</td><td></td><td></td><td>Please fill out this field.</td></tr></table><p class="totop"><a href="#summary">back to summary</a></p>
<h3 id="m15">dsAlgo_TestClasses.Register_TestClass#registerOnlyUsername</h3><table class="result"><tr class="param"><th>Parameter #1</th><th>Parameter #2</th><th>Parameter #3</th><th>Parameter #4</th></tr><tr class="param stripe"><td>adminninja</td><td></td><td></td><td>Please fill out this field.</td></tr></table><p class="totop"><a href="#summary">back to summary</a></p>
<h3 id="m16">dsAlgo_TestClasses.Register_TestClass#registerOnlyUsername</h3><table class="result"><tr class="param"><th>Parameter #1</th><th>Parameter #2</th><th>Parameter #3</th><th>Parameter #4</th></tr><tr class="param stripe"><td>Admin1234</td><td></td><td></td><td>Please fill out this field.</td></tr></table><p class="totop"><a href="#summary">back to summary</a></p>
<h3 id="m17">dsAlgo_TestClasses.Register_TestClass#registerOnlyUsername</h3><table class="result"><tr class="param"><th>Parameter #1</th><th>Parameter #2</th><th>Parameter #3</th><th>Parameter #4</th></tr><tr class="param stripe"><td>Admin@123</td><td></td><td></td><td>Please fill out this field.</td></tr></table><p class="totop"><a href="#summary">back to summary</a></p>
</body>
</html>
